Thu Nov 28 07:33:43 2024       
+-----------------------------------------------------------------------------------------+
| NVIDIA-SMI 565.57.01              Driver Version: 565.57.01      CUDA Version: 12.7     |
|-----------------------------------------+------------------------+----------------------+
| GPU  Name                 Persistence-M | Bus-Id          Disp.A | Volatile Uncorr. ECC |
| Fan  Temp   Perf          Pwr:Usage/Cap |           Memory-Usage | GPU-Util  Compute M. |
|                                         |                        |               MIG M. |
|=========================================+========================+======================|
|   0  Tesla V100-PCIE-32GB           On  |   00000000:58:00.0 Off |                    0 |
| N/A   40C    P0             29W /  250W |       1MiB /  32768MiB |      0%      Default |
|                                         |                        |                  N/A |
+-----------------------------------------+------------------------+----------------------+
                                                                                         
+-----------------------------------------------------------------------------------------+
| Processes:                                                                              |
|  GPU   GI   CI        PID   Type   Process name                              GPU Memory |
|        ID   ID                                                               Usage      |
|=========================================================================================|
|  No running processes found                                                             |
+-----------------------------------------------------------------------------------------+
cuda
Tesla V100-PCIE-32GB
Epoch: 1	Train loss: 2.692e-01	Val loss: 5.303e-02
Epoch: 2	Train loss: 3.569e-02	Val loss: 1.858e-02
Epoch: 3	Train loss: 2.043e-02	Val loss: 1.615e-02
Epoch: 4	Train loss: 1.463e-02	Val loss: 9.228e-03
Epoch: 5	Train loss: 1.265e-02	Val loss: 1.183e-02
Epoch: 6	Train loss: 1.180e-02	Val loss: 8.008e-03
Epoch: 7	Train loss: 9.987e-03	Val loss: 8.736e-03
Epoch: 8	Train loss: 9.806e-03	Val loss: 7.636e-03
Epoch: 9	Train loss: 8.396e-03	Val loss: 1.361e-02
Epoch: 10	Train loss: 7.395e-03	Val loss: 6.671e-03
Epoch: 11	Train loss: 7.118e-03	Val loss: 4.559e-03
Epoch: 12	Train loss: 7.005e-03	Val loss: 7.824e-03
Epoch: 13	Train loss: 5.928e-03	Val loss: 6.736e-03
Epoch: 14	Train loss: 6.287e-03	Val loss: 5.638e-03
Epoch: 15	Train loss: 5.292e-03	Val loss: 6.697e-03
Epoch: 16	Train loss: 5.445e-03	Val loss: 4.229e-03
Epoch: 17	Train loss: 5.055e-03	Val loss: 7.472e-03
Epoch: 18	Train loss: 4.618e-03	Val loss: 4.889e-03
Epoch: 19	Train loss: 4.233e-03	Val loss: 3.026e-03
Epoch: 20	Train loss: 3.987e-03	Val loss: 7.896e-03
Epoch: 21	Train loss: 4.407e-03	Val loss: 4.240e-03
Epoch: 22	Train loss: 4.021e-03	Val loss: 2.613e-03
Epoch: 23	Train loss: 3.820e-03	Val loss: 3.544e-03
Epoch: 24	Train loss: 3.547e-03	Val loss: 2.469e-03
Epoch: 25	Train loss: 3.703e-03	Val loss: 2.820e-03
Epoch: 26	Train loss: 3.437e-03	Val loss: 1.236e-02
Epoch: 27	Train loss: 3.281e-03	Val loss: 2.592e-03
Epoch: 28	Train loss: 3.128e-03	Val loss: 2.996e-03
Epoch: 29	Train loss: 3.249e-03	Val loss: 2.201e-03
Epoch: 30	Train loss: 2.841e-03	Val loss: 2.370e-03
Epoch: 31	Train loss: 3.154e-03	Val loss: 2.485e-03
Epoch: 32	Train loss: 2.739e-03	Val loss: 2.568e-03
Epoch: 33	Train loss: 2.875e-03	Val loss: 4.433e-03
Epoch: 34	Train loss: 2.659e-03	Val loss: 3.408e-03
Epoch: 35	Train loss: 2.580e-03	Val loss: 6.942e-03
Epoch: 36	Train loss: 2.537e-03	Val loss: 2.998e-03
Epoch: 37	Train loss: 2.850e-03	Val loss: 2.434e-03
Epoch: 38	Train loss: 2.388e-03	Val loss: 2.421e-03
Epoch: 39	Train loss: 2.518e-03	Val loss: 2.402e-03
Epoch: 40	Train loss: 2.317e-03	Val loss: 2.593e-03
Epoch: 41	Train loss: 2.340e-03	Val loss: 2.549e-03
Epoch: 42	Train loss: 2.422e-03	Val loss: 2.055e-03
Epoch: 43	Train loss: 2.375e-03	Val loss: 5.221e-03
Epoch: 44	Train loss: 2.235e-03	Val loss: 2.340e-03
Epoch: 45	Train loss: 2.249e-03	Val loss: 2.187e-03
Epoch: 46	Train loss: 1.975e-03	Val loss: 1.982e-03
Epoch: 47	Train loss: 2.282e-03	Val loss: 1.526e-03
Epoch: 48	Train loss: 2.049e-03	Val loss: 2.758e-03
Epoch: 49	Train loss: 2.076e-03	Val loss: 2.970e-03
Epoch: 50	Train loss: 1.934e-03	Val loss: 1.412e-03
Epoch: 51	Train loss: 1.937e-03	Val loss: 4.107e-03
Epoch: 52	Train loss: 2.117e-03	Val loss: 2.142e-03
Epoch: 53	Train loss: 1.847e-03	Val loss: 6.047e-03
Epoch: 54	Train loss: 1.763e-03	Val loss: 1.990e-03
Epoch: 55	Train loss: 1.921e-03	Val loss: 1.568e-03
Epoch: 56	Train loss: 1.957e-03	Val loss: 1.448e-03
Epoch: 57	Train loss: 1.779e-03	Val loss: 1.557e-03
Epoch: 58	Train loss: 1.798e-03	Val loss: 1.973e-03
Epoch: 59	Train loss: 1.915e-03	Val loss: 1.762e-03
Epoch: 60	Train loss: 1.703e-03	Val loss: 1.874e-03
Epoch: 61	Train loss: 1.677e-03	Val loss: 1.877e-03
Epoch: 62	Train loss: 1.647e-03	Val loss: 3.054e-03
Epoch: 63	Train loss: 1.867e-03	Val loss: 2.166e-03
Epoch: 64	Train loss: 1.556e-03	Val loss: 1.357e-03
Epoch: 65	Train loss: 1.806e-03	Val loss: 7.562e-03
Epoch: 66	Train loss: 1.668e-03	Val loss: 1.838e-03
Epoch: 67	Train loss: 1.797e-03	Val loss: 2.071e-03
Epoch: 68	Train loss: 1.612e-03	Val loss: 4.125e-03
Epoch: 69	Train loss: 1.540e-03	Val loss: 2.659e-03
Epoch: 70	Train loss: 1.669e-03	Val loss: 2.399e-03
Epoch: 71	Train loss: 1.720e-03	Val loss: 1.339e-03
Epoch: 72	Train loss: 1.476e-03	Val loss: 2.272e-03
Epoch: 73	Train loss: 1.454e-03	Val loss: 1.399e-03
Epoch: 74	Train loss: 1.536e-03	Val loss: 1.872e-03
Epoch: 75	Train loss: 1.450e-03	Val loss: 1.317e-03
Epoch: 76	Train loss: 1.583e-03	Val loss: 1.276e-03
Epoch: 77	Train loss: 1.434e-03	Val loss: 2.441e-03
Epoch: 78	Train loss: 1.461e-03	Val loss: 1.775e-03
Epoch: 79	Train loss: 1.519e-03	Val loss: 1.866e-03
Epoch: 80	Train loss: 1.465e-03	Val loss: 1.550e-03
Epoch: 81	Train loss: 1.404e-03	Val loss: 1.760e-03
Epoch: 82	Train loss: 1.488e-03	Val loss: 1.503e-03
Epoch: 83	Train loss: 1.366e-03	Val loss: 1.626e-03
Epoch: 84	Train loss: 1.443e-03	Val loss: 1.380e-03
Epoch: 85	Train loss: 1.279e-03	Val loss: 1.671e-03
Epoch: 86	Train loss: 1.372e-03	Val loss: 1.534e-03
Epoch: 87	Train loss: 1.374e-03	Val loss: 1.583e-03
Epoch: 88	Train loss: 1.347e-03	Val loss: 1.706e-03
Epoch: 89	Train loss: 1.382e-03	Val loss: 3.418e-03
Epoch: 90	Train loss: 1.315e-03	Val loss: 1.746e-03
Epoch: 91	Train loss: 1.353e-03	Val loss: 1.680e-03
Epoch: 92	Train loss: 1.327e-03	Val loss: 1.595e-03
Epoch: 93	Train loss: 1.340e-03	Val loss: 1.367e-03
Epoch: 94	Train loss: 1.473e-03	Val loss: 1.673e-03
Epoch: 95	Train loss: 1.214e-03	Val loss: 1.575e-03
Epoch: 96	Train loss: 1.325e-03	Val loss: 1.279e-03
Epoch: 97	Train loss: 1.305e-03	Val loss: 1.518e-03
Epoch: 98	Train loss: 1.333e-03	Val loss: 1.494e-03
Epoch: 99	Train loss: 1.128e-03	Val loss: 1.564e-03
Epoch: 100	Train loss: 1.377e-03	Val loss: 2.268e-03
Epoch: 101	Train loss: 1.316e-03	Val loss: 1.231e-03
Epoch: 102	Train loss: 1.269e-03	Val loss: 1.599e-03
Epoch: 103	Train loss: 1.179e-03	Val loss: 1.601e-03
Epoch: 104	Train loss: 1.355e-03	Val loss: 1.266e-03
Epoch: 105	Train loss: 1.128e-03	Val loss: 1.927e-03
Epoch: 106	Train loss: 1.248e-03	Val loss: 2.555e-03
Epoch: 107	Train loss: 1.266e-03	Val loss: 1.552e-03
Epoch: 108	Train loss: 1.198e-03	Val loss: 2.783e-03
Epoch: 109	Train loss: 1.346e-03	Val loss: 2.009e-03
Epoch: 110	Train loss: 1.091e-03	Val loss: 3.806e-03
Epoch: 111	Train loss: 1.323e-03	Val loss: 1.180e-03
Epoch: 112	Train loss: 1.236e-03	Val loss: 4.714e-03
Epoch: 113	Train loss: 1.157e-03	Val loss: 1.382e-03
Epoch: 114	Train loss: 1.271e-03	Val loss: 1.099e-03
Epoch: 115	Train loss: 1.067e-03	Val loss: 1.277e-03
Epoch: 116	Train loss: 1.247e-03	Val loss: 1.760e-03
Epoch: 117	Train loss: 1.165e-03	Val loss: 1.391e-03
Epoch: 118	Train loss: 1.139e-03	Val loss: 1.093e-03
Epoch: 119	Train loss: 1.164e-03	Val loss: 1.444e-03
Epoch: 120	Train loss: 1.155e-03	Val loss: 1.226e-03
Epoch: 121	Train loss: 1.150e-03	Val loss: 1.171e-03
Epoch: 122	Train loss: 1.181e-03	Val loss: 2.437e-03
Epoch: 123	Train loss: 1.154e-03	Val loss: 3.028e-03
Epoch: 124	Train loss: 1.151e-03	Val loss: 1.918e-03
Epoch: 125	Train loss: 1.114e-03	Val loss: 1.477e-03
Epoch: 126	Train loss: 1.170e-03	Val loss: 1.551e-03
Epoch: 127	Train loss: 1.124e-03	Val loss: 1.609e-03
Epoch: 128	Train loss: 1.095e-03	Val loss: 1.595e-03
Epoch: 129	Train loss: 1.100e-03	Val loss: 2.367e-03
Epoch: 130	Train loss: 1.190e-03	Val loss: 1.373e-03
Epoch: 131	Train loss: 1.066e-03	Val loss: 3.750e-03
Epoch: 132	Train loss: 1.132e-03	Val loss: 3.816e-03
Epoch: 133	Train loss: 1.186e-03	Val loss: 1.085e-03
Epoch: 134	Train loss: 1.084e-03	Val loss: 1.338e-03
Epoch: 135	Train loss: 1.057e-03	Val loss: 2.771e-03
Epoch: 136	Train loss: 1.125e-03	Val loss: 2.980e-03
Epoch: 137	Train loss: 9.848e-04	Val loss: 1.454e-03
Epoch: 138	Train loss: 1.125e-03	Val loss: 1.403e-03
Epoch: 139	Train loss: 1.046e-03	Val loss: 1.151e-03
Epoch: 140	Train loss: 1.039e-03	Val loss: 1.297e-03
Epoch: 141	Train loss: 9.889e-04	Val loss: 1.133e-03
Epoch: 142	Train loss: 1.055e-03	Val loss: 1.449e-03
Epoch: 143	Train loss: 1.070e-03	Val loss: 1.427e-03
Epoch: 144	Train loss: 1.081e-03	Val loss: 1.591e-03
Epoch: 145	Train loss: 9.912e-04	Val loss: 1.562e-03
Epoch: 146	Train loss: 1.017e-03	Val loss: 1.271e-03
Epoch: 147	Train loss: 1.007e-03	Val loss: 4.897e-03
Epoch: 148	Train loss: 1.053e-03	Val loss: 1.833e-03
Epoch: 149	Train loss: 1.082e-03	Val loss: 2.085e-03
Epoch: 150	Train loss: 1.061e-03	Val loss: 1.915e-03
Epoch: 151	Train loss: 1.021e-03	Val loss: 1.723e-03
Epoch: 152	Train loss: 1.010e-03	Val loss: 1.298e-03
Epoch: 153	Train loss: 9.631e-04	Val loss: 1.524e-03
Epoch: 154	Train loss: 1.147e-03	Val loss: 1.731e-03
Epoch: 155	Train loss: 9.876e-04	Val loss: 1.237e-03
Epoch: 156	Train loss: 9.931e-04	Val loss: 1.270e-03
Epoch: 157	Train loss: 1.031e-03	Val loss: 1.357e-03
Epoch: 158	Train loss: 9.457e-04	Val loss: 1.067e-03
Epoch: 159	Train loss: 1.151e-03	Val loss: 3.521e-03
Epoch: 160	Train loss: 9.519e-04	Val loss: 1.322e-03
Epoch: 161	Train loss: 9.181e-04	Val loss: 1.824e-03
Epoch: 162	Train loss: 9.646e-04	Val loss: 1.091e-03
Epoch: 163	Train loss: 1.135e-03	Val loss: 2.547e-03
Epoch: 164	Train loss: 9.778e-04	Val loss: 2.302e-03
Epoch: 165	Train loss: 1.040e-03	Val loss: 1.266e-03
Epoch: 166	Train loss: 9.523e-04	Val loss: 1.282e-03
Epoch: 167	Train loss: 9.995e-04	Val loss: 1.003e-03
Epoch: 168	Train loss: 9.685e-04	Val loss: 3.763e-03
Epoch: 169	Train loss: 9.958e-04	Val loss: 1.191e-03
Epoch: 170	Train loss: 9.795e-04	Val loss: 1.353e-03
Epoch: 171	Train loss: 9.286e-04	Val loss: 1.494e-03
Epoch: 172	Train loss: 9.839e-04	Val loss: 1.029e-03
Epoch: 173	Train loss: 9.798e-04	Val loss: 1.678e-03
Epoch: 174	Train loss: 9.407e-04	Val loss: 1.369e-03
Epoch: 175	Train loss: 9.857e-04	Val loss: 1.102e-03
Epoch: 176	Train loss: 1.015e-03	Val loss: 1.661e-03
Epoch: 177	Train loss: 8.721e-04	Val loss: 1.155e-03
Epoch: 178	Train loss: 1.019e-03	Val loss: 1.397e-03
Epoch: 179	Train loss: 1.040e-03	Val loss: 1.149e-03
Epoch: 180	Train loss: 9.336e-04	Val loss: 1.233e-03
Epoch: 181	Train loss: 9.003e-04	Val loss: 1.015e-03
Epoch: 182	Train loss: 8.665e-04	Val loss: 2.821e-03
Epoch: 183	Train loss: 9.151e-04	Val loss: 1.450e-03
Epoch: 184	Train loss: 1.012e-03	Val loss: 1.265e-03
Epoch: 185	Train loss: 8.942e-04	Val loss: 1.335e-03
Epoch: 186	Train loss: 9.978e-04	Val loss: 1.018e-03
Epoch: 187	Train loss: 8.619e-04	Val loss: 1.277e-03
Epoch: 188	Train loss: 9.215e-04	Val loss: 2.772e-03
Epoch: 189	Train loss: 8.535e-04	Val loss: 1.029e-03
Epoch: 190	Train loss: 9.591e-04	Val loss: 1.286e-03
Epoch: 191	Train loss: 9.301e-04	Val loss: 1.855e-03
Epoch: 192	Train loss: 9.332e-04	Val loss: 1.784e-03
Epoch: 193	Train loss: 9.665e-04	Val loss: 1.822e-03
Epoch: 194	Train loss: 8.227e-04	Val loss: 1.287e-03
Epoch: 195	Train loss: 9.069e-04	Val loss: 9.249e-04
Epoch: 196	Train loss: 9.352e-04	Val loss: 1.212e-03
Epoch: 197	Train loss: 8.966e-04	Val loss: 9.955e-04
Epoch: 198	Train loss: 9.771e-04	Val loss: 1.164e-03
Epoch: 199	Train loss: 8.225e-04	Val loss: 1.395e-03
Epoch: 200	Train loss: 1.081e-03	Val loss: 1.133e-03
Epoch: 201	Train loss: 8.003e-04	Val loss: 1.135e-03
Epoch: 202	Train loss: 9.052e-04	Val loss: 1.049e-03
Epoch: 203	Train loss: 8.227e-04	Val loss: 1.965e-03
Epoch: 204	Train loss: 9.487e-04	Val loss: 1.423e-03
Epoch: 205	Train loss: 9.303e-04	Val loss: 1.500e-03
Epoch: 206	Train loss: 8.659e-04	Val loss: 1.880e-03
Epoch: 207	Train loss: 8.378e-04	Val loss: 1.472e-03
Epoch: 208	Train loss: 9.248e-04	Val loss: 1.451e-03
Epoch: 209	Train loss: 8.558e-04	Val loss: 1.193e-03
Epoch: 210	Train loss: 9.595e-04	Val loss: 1.130e-03
Epoch: 211	Train loss: 9.195e-04	Val loss: 1.091e-03
Epoch: 212	Train loss: 8.562e-04	Val loss: 1.152e-03
Epoch: 213	Train loss: 8.497e-04	Val loss: 1.281e-03
Epoch: 214	Train loss: 8.777e-04	Val loss: 1.105e-03
Epoch: 215	Train loss: 8.666e-04	Val loss: 1.442e-03
Epoch: 216	Train loss: 8.424e-04	Val loss: 1.455e-03
Epoch: 217	Train loss: 8.561e-04	Val loss: 1.143e-03
Epoch: 218	Train loss: 9.181e-04	Val loss: 1.109e-03
Epoch: 219	Train loss: 7.995e-04	Val loss: 1.160e-03
Epoch: 220	Train loss: 8.934e-04	Val loss: 1.391e-03
Epoch: 221	Train loss: 8.901e-04	Val loss: 1.457e-03
Epoch: 222	Train loss: 9.390e-04	Val loss: 1.448e-03
Epoch: 223	Train loss: 8.661e-04	Val loss: 1.193e-03
Epoch: 224	Train loss: 8.124e-04	Val loss: 1.654e-03
Epoch: 225	Train loss: 8.491e-04	Val loss: 1.369e-03
Epoch: 226	Train loss: 8.555e-04	Val loss: 1.625e-03
Epoch: 227	Train loss: 9.488e-04	Val loss: 1.553e-03
Epoch: 228	Train loss: 8.009e-04	Val loss: 1.313e-03
Epoch: 229	Train loss: 8.448e-04	Val loss: 1.993e-03
Epoch: 230	Train loss: 9.252e-04	Val loss: 1.427e-03
Epoch: 231	Train loss: 8.629e-04	Val loss: 1.039e-03
Epoch: 232	Train loss: 8.112e-04	Val loss: 1.017e-03
Epoch: 233	Train loss: 8.735e-04	Val loss: 1.092e-03
Epoch: 234	Train loss: 7.784e-04	Val loss: 1.286e-03
Epoch: 235	Train loss: 8.899e-04	Val loss: 1.177e-03
Epoch: 236	Train loss: 8.298e-04	Val loss: 1.314e-03
Epoch: 237	Train loss: 8.304e-04	Val loss: 1.376e-03
Epoch: 238	Train loss: 8.317e-04	Val loss: 1.070e-03
Epoch: 239	Train loss: 8.455e-04	Val loss: 2.461e-03
Epoch: 240	Train loss: 8.894e-04	Val loss: 1.157e-03
Epoch: 241	Train loss: 8.272e-04	Val loss: 1.140e-03
Epoch: 242	Train loss: 7.946e-04	Val loss: 1.107e-03
Epoch: 243	Train loss: 8.076e-04	Val loss: 1.204e-03
Epoch: 244	Train loss: 9.309e-04	Val loss: 1.871e-03
Epoch: 245	Train loss: 7.383e-04	Val loss: 1.334e-03
Epoch: 246	Train loss: 7.936e-04	Val loss: 1.053e-03
Epoch: 247	Train loss: 8.515e-04	Val loss: 1.368e-03
Epoch: 248	Train loss: 7.936e-04	Val loss: 1.241e-03
Epoch: 249	Train loss: 8.689e-04	Val loss: 1.185e-03
Epoch: 250	Train loss: 7.752e-04	Val loss: 1.228e-03
Epoch: 251	Train loss: 8.285e-04	Val loss: 1.926e-03
Epoch: 252	Train loss: 8.755e-04	Val loss: 1.257e-03
Epoch: 253	Train loss: 8.610e-04	Val loss: 1.086e-03
Epoch: 254	Train loss: 7.492e-04	Val loss: 1.222e-03
Epoch: 255	Train loss: 8.794e-04	Val loss: 1.219e-03
Epoch: 256	Train loss: 7.587e-04	Val loss: 1.372e-03
Epoch: 257	Train loss: 9.055e-04	Val loss: 1.084e-03
Epoch: 258	Train loss: 7.643e-04	Val loss: 9.928e-04
Epoch: 259	Train loss: 8.588e-04	Val loss: 1.006e-03
Epoch: 260	Train loss: 8.364e-04	Val loss: 1.513e-03
Epoch: 261	Train loss: 8.109e-04	Val loss: 1.052e-03
Epoch: 262	Train loss: 7.824e-04	Val loss: 2.514e-03
Epoch: 263	Train loss: 7.902e-04	Val loss: 2.556e-03
Epoch: 264	Train loss: 7.844e-04	Val loss: 1.174e-03
Epoch: 265	Train loss: 7.990e-04	Val loss: 9.643e-04
Epoch: 266	Train loss: 8.444e-04	Val loss: 1.018e-03
Epoch: 267	Train loss: 7.955e-04	Val loss: 1.422e-03
Epoch: 268	Train loss: 7.578e-04	Val loss: 1.089e-03
Epoch: 269	Train loss: 8.663e-04	Val loss: 1.700e-03
Epoch: 270	Train loss: 7.594e-04	Val loss: 1.951e-03
Epoch: 271	Train loss: 8.243e-04	Val loss: 9.890e-04
Epoch: 272	Train loss: 7.916e-04	Val loss: 1.260e-03
Epoch: 273	Train loss: 8.221e-04	Val loss: 9.243e-04
Epoch: 274	Train loss: 8.224e-04	Val loss: 2.117e-03
Epoch: 275	Train loss: 7.556e-04	Val loss: 1.519e-03
Epoch: 276	Train loss: 7.562e-04	Val loss: 1.102e-03
Epoch: 277	Train loss: 8.348e-04	Val loss: 1.396e-03
Epoch: 278	Train loss: 7.754e-04	Val loss: 8.395e-04
Epoch: 279	Train loss: 9.614e-04	Val loss: 1.641e-03
Epoch: 280	Train loss: 6.784e-04	Val loss: 1.244e-03
Epoch: 281	Train loss: 8.005e-04	Val loss: 1.505e-03
Epoch: 282	Train loss: 7.080e-04	Val loss: 1.288e-03
Epoch: 283	Train loss: 8.239e-04	Val loss: 1.362e-03
Epoch: 284	Train loss: 7.853e-04	Val loss: 1.576e-03
Epoch: 285	Train loss: 7.695e-04	Val loss: 1.677e-03
Epoch: 286	Train loss: 7.620e-04	Val loss: 2.139e-03
Epoch: 287	Train loss: 8.150e-04	Val loss: 2.964e-03
Epoch: 288	Train loss: 8.212e-04	Val loss: 1.921e-03
Epoch: 289	Train loss: 7.903e-04	Val loss: 1.724e-03
Epoch: 290	Train loss: 8.773e-04	Val loss: 1.178e-03
Epoch: 291	Train loss: 7.856e-04	Val loss: 9.646e-04
Epoch: 292	Train loss: 7.401e-04	Val loss: 1.370e-03
Epoch: 293	Train loss: 8.546e-04	Val loss: 9.150e-04
Epoch: 294	Train loss: 6.803e-04	Val loss: 1.268e-03
Epoch: 295	Train loss: 7.505e-04	Val loss: 1.325e-03
Epoch: 296	Train loss: 8.385e-04	Val loss: 1.978e-03
Epoch: 297	Train loss: 7.039e-04	Val loss: 1.188e-03
Epoch: 298	Train loss: 8.127e-04	Val loss: 1.344e-03
Epoch: 299	Train loss: 7.266e-04	Val loss: 1.593e-03
Epoch: 300	Train loss: 8.321e-04	Val loss: 1.310e-03
Epoch: 301	Train loss: 7.661e-04	Val loss: 1.056e-03
Epoch: 302	Train loss: 7.365e-04	Val loss: 1.074e-03
Epoch: 303	Train loss: 7.882e-04	Val loss: 1.010e-03
Epoch: 304	Train loss: 6.793e-04	Val loss: 1.129e-03
Epoch: 305	Train loss: 8.346e-04	Val loss: 9.760e-04
Epoch: 306	Train loss: 7.341e-04	Val loss: 1.616e-03
Epoch: 307	Train loss: 8.270e-04	Val loss: 8.938e-04
Epoch: 308	Train loss: 7.517e-04	Val loss: 1.123e-03
Epoch: 309	Train loss: 7.687e-04	Val loss: 1.198e-03
Epoch: 310	Train loss: 7.841e-04	Val loss: 1.207e-03
Epoch: 311	Train loss: 8.158e-04	Val loss: 1.130e-03
Epoch: 312	Train loss: 7.896e-04	Val loss: 1.398e-03
Epoch: 313	Train loss: 7.515e-04	Val loss: 1.036e-03
Epoch: 314	Train loss: 6.905e-04	Val loss: 1.006e-03
Epoch: 315	Train loss: 8.009e-04	Val loss: 1.799e-03
Epoch: 316	Train loss: 7.374e-04	Val loss: 1.064e-03
Epoch: 317	Train loss: 6.833e-04	Val loss: 1.024e-03
Epoch: 318	Train loss: 8.472e-04	Val loss: 1.798e-03
Epoch: 319	Train loss: 7.832e-04	Val loss: 9.840e-04
Epoch: 320	Train loss: 6.486e-04	Val loss: 1.105e-03
Epoch: 321	Train loss: 8.018e-04	Val loss: 1.633e-03
Epoch: 322	Train loss: 7.943e-04	Val loss: 1.037e-03
Epoch: 323	Train loss: 6.783e-04	Val loss: 1.160e-03
Epoch: 324	Train loss: 8.251e-04	Val loss: 1.704e-03
Epoch: 325	Train loss: 6.565e-04	Val loss: 9.135e-04
Epoch: 326	Train loss: 8.436e-04	Val loss: 2.561e-03
Epoch: 327	Train loss: 7.808e-04	Val loss: 1.109e-03
Epoch: 328	Train loss: 6.913e-04	Val loss: 1.266e-03
Epoch: 329	Train loss: 7.945e-04	Val loss: 1.460e-03
Epoch: 330	Train loss: 7.605e-04	Val loss: 8.999e-04
Epoch: 331	Train loss: 7.315e-04	Val loss: 9.645e-04
Epoch: 332	Train loss: 7.621e-04	Val loss: 1.810e-03
Epoch: 333	Train loss: 8.744e-04	Val loss: 1.561e-03
Epoch: 334	Train loss: 7.240e-04	Val loss: 1.377e-03
Epoch: 335	Train loss: 7.288e-04	Val loss: 1.047e-03
Epoch: 336	Train loss: 7.732e-04	Val loss: 1.293e-03
Epoch: 337	Train loss: 7.310e-04	Val loss: 1.257e-03
Epoch: 338	Train loss: 6.958e-04	Val loss: 2.176e-03
Epoch: 339	Train loss: 7.826e-04	Val loss: 9.801e-04
Epoch: 340	Train loss: 7.132e-04	Val loss: 1.148e-03
Epoch: 341	Train loss: 7.967e-04	Val loss: 1.392e-03
Epoch: 342	Train loss: 7.888e-04	Val loss: 9.479e-04
Epoch: 343	Train loss: 6.681e-04	Val loss: 1.011e-03
Epoch: 344	Train loss: 6.973e-04	Val loss: 1.024e-03
Epoch: 345	Train loss: 7.075e-04	Val loss: 9.247e-04
Epoch: 346	Train loss: 7.419e-04	Val loss: 1.176e-03
Epoch: 347	Train loss: 7.306e-04	Val loss: 2.023e-03
Epoch: 348	Train loss: 7.623e-04	Val loss: 1.234e-03
Epoch: 349	Train loss: 6.945e-04	Val loss: 1.185e-03
Epoch: 350	Train loss: 7.104e-04	Val loss: 2.459e-03
Epoch: 351	Train loss: 7.320e-04	Val loss: 1.222e-03
Epoch: 352	Train loss: 7.233e-04	Val loss: 9.546e-04
Epoch: 353	Train loss: 7.301e-04	Val loss: 1.079e-03
Epoch: 354	Train loss: 6.998e-04	Val loss: 1.568e-03
Epoch: 355	Train loss: 7.304e-04	Val loss: 1.090e-03
Epoch: 356	Train loss: 8.002e-04	Val loss: 2.087e-03
Epoch: 357	Train loss: 6.682e-04	Val loss: 1.010e-03
Epoch: 358	Train loss: 7.728e-04	Val loss: 1.100e-03
Epoch: 359	Train loss: 8.063e-04	Val loss: 9.132e-04
Epoch: 360	Train loss: 6.646e-04	Val loss: 2.269e-03
Epoch: 361	Train loss: 7.435e-04	Val loss: 1.710e-03
Epoch: 362	Train loss: 7.288e-04	Val loss: 1.004e-03
Epoch: 363	Train loss: 6.759e-04	Val loss: 1.922e-03
Epoch: 364	Train loss: 7.868e-04	Val loss: 3.301e-03
Epoch: 365	Train loss: 7.495e-04	Val loss: 1.219e-03
Epoch: 366	Train loss: 6.804e-04	Val loss: 9.750e-04
Epoch: 367	Train loss: 6.958e-04	Val loss: 8.306e-04
Epoch: 368	Train loss: 7.291e-04	Val loss: 1.979e-03
Epoch: 369	Train loss: 7.899e-04	Val loss: 1.129e-03
Epoch: 370	Train loss: 8.104e-04	Val loss: 2.853e-03
Epoch: 371	Train loss: 5.865e-04	Val loss: 2.185e-03
Epoch: 372	Train loss: 7.459e-04	Val loss: 1.650e-03
Epoch: 373	Train loss: 7.766e-04	Val loss: 1.077e-03
Epoch: 374	Train loss: 6.738e-04	Val loss: 1.180e-03
Epoch: 375	Train loss: 7.386e-04	Val loss: 9.676e-04
Epoch: 376	Train loss: 6.427e-04	Val loss: 2.205e-03
Epoch: 377	Train loss: 6.615e-04	Val loss: 1.263e-03
Epoch: 378	Train loss: 7.192e-04	Val loss: 1.415e-03
Epoch: 379	Train loss: 7.296e-04	Val loss: 9.958e-04
Epoch: 380	Train loss: 7.453e-04	Val loss: 9.324e-04
Epoch: 381	Train loss: 6.758e-04	Val loss: 2.482e-03
Epoch: 382	Train loss: 6.804e-04	Val loss: 9.812e-04
Epoch: 383	Train loss: 6.717e-04	Val loss: 1.106e-03
Epoch: 384	Train loss: 6.987e-04	Val loss: 1.549e-03
Epoch: 385	Train loss: 7.520e-04	Val loss: 1.086e-03
Epoch: 386	Train loss: 7.130e-04	Val loss: 1.051e-03
Epoch: 387	Train loss: 7.253e-04	Val loss: 1.220e-03
Epoch: 388	Train loss: 7.556e-04	Val loss: 9.496e-04
Epoch: 389	Train loss: 6.304e-04	Val loss: 1.107e-03
Epoch: 390	Train loss: 7.409e-04	Val loss: 1.292e-03
Epoch: 391	Train loss: 6.784e-04	Val loss: 9.960e-04
Epoch: 392	Train loss: 6.391e-04	Val loss: 9.786e-04
Epoch: 393	Train loss: 7.493e-04	Val loss: 1.408e-03
Epoch: 394	Train loss: 7.685e-04	Val loss: 1.021e-03
Epoch: 395	Train loss: 6.287e-04	Val loss: 1.081e-03
Epoch: 396	Train loss: 7.327e-04	Val loss: 1.155e-03
Epoch: 397	Train loss: 6.367e-04	Val loss: 1.150e-03
Epoch: 398	Train loss: 7.753e-04	Val loss: 9.507e-04
Epoch: 399	Train loss: 6.759e-04	Val loss: 1.573e-03
Epoch: 400	Train loss: 6.670e-04	Val loss: 1.375e-03
Epoch: 401	Train loss: 7.369e-04	Val loss: 1.274e-03
Epoch: 402	Train loss: 7.292e-04	Val loss: 1.051e-03
Epoch: 403	Train loss: 6.444e-04	Val loss: 9.257e-04
Epoch: 404	Train loss: 7.109e-04	Val loss: 1.036e-03
Epoch: 405	Train loss: 7.408e-04	Val loss: 1.255e-03
Epoch: 406	Train loss: 6.570e-04	Val loss: 1.222e-03
Epoch: 407	Train loss: 6.867e-04	Val loss: 1.035e-03
Epoch: 408	Train loss: 7.539e-04	Val loss: 8.439e-04
Epoch: 409	Train loss: 7.008e-04	Val loss: 9.511e-04
Epoch: 410	Train loss: 7.059e-04	Val loss: 1.095e-03
Epoch: 411	Train loss: 7.475e-04	Val loss: 9.696e-04
Epoch: 412	Train loss: 6.481e-04	Val loss: 1.060e-03
Epoch: 413	Train loss: 7.120e-04	Val loss: 1.374e-03
Epoch: 414	Train loss: 6.714e-04	Val loss: 9.052e-04
Epoch: 415	Train loss: 6.545e-04	Val loss: 1.468e-03
Epoch: 416	Train loss: 7.291e-04	Val loss: 1.143e-03
Epoch: 417	Train loss: 7.025e-04	Val loss: 1.179e-03
Epoch: 418	Train loss: 7.138e-04	Val loss: 2.157e-03
Epoch: 419	Train loss: 6.590e-04	Val loss: 1.808e-03
Epoch: 420	Train loss: 7.285e-04	Val loss: 8.974e-04
Epoch: 421	Train loss: 6.269e-04	Val loss: 1.726e-03
Epoch: 422	Train loss: 6.646e-04	Val loss: 1.088e-03
Epoch: 423	Train loss: 7.254e-04	Val loss: 1.219e-03
Epoch: 424	Train loss: 6.928e-04	Val loss: 1.248e-03
Epoch: 425	Train loss: 7.338e-04	Val loss: 2.055e-03
Epoch: 426	Train loss: 7.031e-04	Val loss: 2.010e-03
Epoch: 427	Train loss: 6.533e-04	Val loss: 1.155e-03
Epoch: 428	Train loss: 6.769e-04	Val loss: 1.106e-03
Epoch: 429	Train loss: 6.815e-04	Val loss: 1.179e-03
Epoch: 430	Train loss: 6.983e-04	Val loss: 1.048e-03
Epoch: 431	Train loss: 7.035e-04	Val loss: 1.605e-03
Epoch: 432	Train loss: 6.207e-04	Val loss: 9.073e-04
Epoch: 433	Train loss: 7.447e-04	Val loss: 9.823e-04
Epoch: 434	Train loss: 6.961e-04	Val loss: 1.082e-03
Epoch: 435	Train loss: 6.406e-04	Val loss: 9.778e-04
Epoch: 436	Train loss: 7.127e-04	Val loss: 9.681e-04
Epoch: 437	Train loss: 6.873e-04	Val loss: 9.329e-04
Epoch: 438	Train loss: 6.829e-04	Val loss: 1.165e-03
Epoch: 439	Train loss: 7.131e-04	Val loss: 8.700e-04
Epoch: 440	Train loss: 6.291e-04	Val loss: 9.952e-04
Epoch: 441	Train loss: 6.520e-04	Val loss: 1.173e-03
Epoch: 442	Train loss: 6.721e-04	Val loss: 1.278e-03
Epoch: 443	Train loss: 7.345e-04	Val loss: 1.165e-03
Epoch: 444	Train loss: 6.623e-04	Val loss: 1.066e-03
Epoch: 445	Train loss: 6.447e-04	Val loss: 1.086e-03
Epoch: 446	Train loss: 7.581e-04	Val loss: 1.361e-03
Epoch: 447	Train loss: 6.297e-04	Val loss: 1.129e-03
Epoch: 448	Train loss: 7.449e-04	Val loss: 1.836e-03
Epoch: 449	Train loss: 6.718e-04	Val loss: 1.015e-03
Epoch: 450	Train loss: 6.932e-04	Val loss: 1.045e-03
Epoch: 451	Train loss: 7.773e-04	Val loss: 1.716e-03
Epoch: 452	Train loss: 6.487e-04	Val loss: 9.373e-04
Epoch: 453	Train loss: 6.764e-04	Val loss: 1.261e-03
Epoch: 454	Train loss: 6.790e-04	Val loss: 1.720e-03
Epoch: 455	Train loss: 6.683e-04	Val loss: 1.453e-03
Epoch: 456	Train loss: 7.234e-04	Val loss: 1.196e-03
Epoch: 457	Train loss: 6.327e-04	Val loss: 9.239e-04
Epoch: 458	Train loss: 7.003e-04	Val loss: 1.363e-03
Epoch: 459	Train loss: 6.945e-04	Val loss: 1.401e-03
Epoch: 460	Train loss: 6.596e-04	Val loss: 1.035e-03
Epoch: 461	Train loss: 7.402e-04	Val loss: 1.286e-03
Epoch: 462	Train loss: 6.836e-04	Val loss: 1.070e-03
Epoch: 463	Train loss: 5.810e-04	Val loss: 1.190e-03
Epoch: 464	Train loss: 6.811e-04	Val loss: 1.595e-03
Epoch: 465	Train loss: 6.969e-04	Val loss: 1.308e-03
Epoch: 466	Train loss: 6.952e-04	Val loss: 1.008e-03
Epoch: 467	Train loss: 6.953e-04	Val loss: 8.394e-04
Epoch: 468	Train loss: 6.814e-04	Val loss: 1.522e-03
Epoch: 469	Train loss: 6.442e-04	Val loss: 1.313e-03
Epoch: 470	Train loss: 6.632e-04	Val loss: 1.024e-03
Epoch: 471	Train loss: 6.074e-04	Val loss: 1.528e-03
Epoch: 472	Train loss: 6.484e-04	Val loss: 1.415e-03
Epoch: 473	Train loss: 7.138e-04	Val loss: 1.011e-03
Epoch: 474	Train loss: 7.122e-04	Val loss: 1.360e-03
Epoch: 475	Train loss: 6.061e-04	Val loss: 1.217e-03
Epoch: 476	Train loss: 7.260e-04	Val loss: 1.064e-03
Epoch: 477	Train loss: 6.636e-04	Val loss: 1.194e-03
Epoch: 478	Train loss: 6.765e-04	Val loss: 9.638e-04
Epoch: 479	Train loss: 6.927e-04	Val loss: 1.075e-03
Epoch: 480	Train loss: 6.332e-04	Val loss: 1.779e-03
Epoch: 481	Train loss: 6.532e-04	Val loss: 9.338e-04
Epoch: 482	Train loss: 7.321e-04	Val loss: 9.390e-04
Epoch: 483	Train loss: 6.392e-04	Val loss: 1.760e-03
Epoch: 484	Train loss: 6.322e-04	Val loss: 8.870e-04
Epoch: 485	Train loss: 6.839e-04	Val loss: 1.045e-03
Epoch: 486	Train loss: 6.764e-04	Val loss: 1.045e-03
Epoch: 487	Train loss: 7.033e-04	Val loss: 1.235e-03
Epoch: 488	Train loss: 6.747e-04	Val loss: 9.506e-04
Epoch: 489	Train loss: 6.604e-04	Val loss: 9.015e-04
Epoch: 490	Train loss: 5.836e-04	Val loss: 1.625e-03
Epoch: 491	Train loss: 7.035e-04	Val loss: 1.127e-03
Epoch: 492	Train loss: 6.447e-04	Val loss: 1.356e-03
Epoch: 493	Train loss: 6.708e-04	Val loss: 1.034e-03
Epoch: 494	Train loss: 6.121e-04	Val loss: 1.297e-03
Epoch: 495	Train loss: 6.730e-04	Val loss: 1.695e-03
Epoch: 496	Train loss: 6.333e-04	Val loss: 1.514e-03
Epoch: 497	Train loss: 7.344e-04	Val loss: 1.412e-03
Epoch: 498	Train loss: 6.445e-04	Val loss: 9.794e-04
Epoch: 499	Train loss: 6.361e-04	Val loss: 1.051e-03
Epoch: 500	Train loss: 7.172e-04	Val loss: 1.034e-03
Epoch: 501	Train loss: 6.045e-04	Val loss: 1.081e-03
Epoch: 502	Train loss: 7.009e-04	Val loss: 1.866e-03
Epoch: 503	Train loss: 6.913e-04	Val loss: 1.015e-03
Epoch: 504	Train loss: 6.567e-04	Val loss: 1.215e-03
Epoch: 505	Train loss: 5.992e-04	Val loss: 9.998e-04
Epoch: 506	Train loss: 7.130e-04	Val loss: 9.925e-04
Epoch: 507	Train loss: 6.395e-04	Val loss: 8.959e-04
Epoch: 508	Train loss: 6.366e-04	Val loss: 1.112e-03
Epoch: 509	Train loss: 6.222e-04	Val loss: 1.155e-03
Epoch: 510	Train loss: 7.292e-04	Val loss: 8.784e-04
Epoch: 511	Train loss: 6.154e-04	Val loss: 8.694e-04
Epoch: 512	Train loss: 6.348e-04	Val loss: 1.596e-03
Epoch: 513	Train loss: 7.104e-04	Val loss: 9.755e-04
Epoch: 514	Train loss: 5.986e-04	Val loss: 1.324e-03
Epoch: 515	Train loss: 6.070e-04	Val loss: 1.053e-03
Epoch: 516	Train loss: 6.845e-04	Val loss: 1.081e-03
Epoch: 517	Train loss: 6.753e-04	Val loss: 1.064e-03
Epoch: 518	Train loss: 6.824e-04	Val loss: 1.400e-03
Epoch: 519	Train loss: 6.243e-04	Val loss: 9.392e-04
Epoch: 520	Train loss: 6.848e-04	Val loss: 1.234e-03
Epoch: 521	Train loss: 6.038e-04	Val loss: 1.587e-03
Epoch: 522	Train loss: 6.486e-04	Val loss: 1.331e-03
Epoch: 523	Train loss: 7.113e-04	Val loss: 1.038e-03
Epoch: 524	Train loss: 5.686e-04	Val loss: 1.151e-03
Epoch: 525	Train loss: 6.583e-04	Val loss: 1.280e-03
Epoch: 526	Train loss: 6.605e-04	Val loss: 1.041e-03
Epoch: 527	Train loss: 5.995e-04	Val loss: 9.412e-04
Epoch: 528	Train loss: 7.077e-04	Val loss: 8.750e-04
Epoch: 529	Train loss: 6.531e-04	Val loss: 1.099e-03
Epoch: 530	Train loss: 6.098e-04	Val loss: 1.741e-03
Epoch: 531	Train loss: 6.935e-04	Val loss: 1.796e-03
Epoch: 532	Train loss: 6.786e-04	Val loss: 1.311e-03
Epoch: 533	Train loss: 6.942e-04	Val loss: 1.124e-03
Epoch: 534	Train loss: 6.439e-04	Val loss: 1.071e-03
Epoch: 535	Train loss: 6.564e-04	Val loss: 1.470e-03
Epoch: 536	Train loss: 6.520e-04	Val loss: 1.503e-03
Epoch: 537	Train loss: 7.092e-04	Val loss: 9.077e-04
Epoch: 538	Train loss: 6.776e-04	Val loss: 1.513e-03
Epoch: 539	Train loss: 6.840e-04	Val loss: 8.450e-04
Epoch: 540	Train loss: 6.220e-04	Val loss: 9.934e-04
Epoch: 541	Train loss: 6.099e-04	Val loss: 1.110e-03
Epoch: 542	Train loss: 6.387e-04	Val loss: 9.045e-04
Epoch: 543	Train loss: 6.712e-04	Val loss: 9.425e-04
Epoch: 544	Train loss: 6.513e-04	Val loss: 1.020e-03
Epoch: 545	Train loss: 7.204e-04	Val loss: 1.046e-03
Epoch: 546	Train loss: 6.055e-04	Val loss: 1.095e-03
Epoch: 547	Train loss: 6.621e-04	Val loss: 1.044e-03
Epoch: 548	Train loss: 6.799e-04	Val loss: 1.374e-03
Epoch: 549	Train loss: 6.474e-04	Val loss: 1.025e-03
Epoch: 550	Train loss: 5.991e-04	Val loss: 1.361e-03
Epoch: 551	Train loss: 6.526e-04	Val loss: 1.008e-03
Epoch: 552	Train loss: 6.539e-04	Val loss: 1.104e-03
Epoch: 553	Train loss: 6.076e-04	Val loss: 1.232e-03
Epoch: 554	Train loss: 6.772e-04	Val loss: 1.169e-03
Epoch: 555	Train loss: 6.538e-04	Val loss: 1.003e-03
Epoch: 556	Train loss: 6.345e-04	Val loss: 1.528e-03
Epoch: 557	Train loss: 7.048e-04	Val loss: 1.031e-03
Epoch: 558	Train loss: 5.969e-04	Val loss: 1.197e-03
Epoch: 559	Train loss: 6.625e-04	Val loss: 9.360e-04
Epoch: 560	Train loss: 6.310e-04	Val loss: 1.760e-03
Epoch: 561	Train loss: 6.918e-04	Val loss: 9.461e-04
Epoch: 562	Train loss: 6.558e-04	Val loss: 9.917e-04
Epoch: 563	Train loss: 6.067e-04	Val loss: 1.135e-03
Epoch: 564	Train loss: 6.598e-04	Val loss: 1.197e-03
Epoch: 565	Train loss: 6.149e-04	Val loss: 1.048e-03
Epoch: 566	Train loss: 6.105e-04	Val loss: 1.132e-03
Epoch: 567	Train loss: 6.712e-04	Val loss: 1.030e-03
Epoch: 568	Train loss: 6.180e-04	Val loss: 1.335e-03
Epoch: 569	Train loss: 6.161e-04	Val loss: 8.526e-04
Epoch: 570	Train loss: 6.494e-04	Val loss: 1.120e-03
Epoch: 571	Train loss: 7.074e-04	Val loss: 9.709e-04
Epoch: 572	Train loss: 7.263e-04	Val loss: 1.183e-03
Epoch: 573	Train loss: 5.461e-04	Val loss: 8.966e-04
Epoch: 574	Train loss: 6.674e-04	Val loss: 2.926e-03
Epoch: 575	Train loss: 5.962e-04	Val loss: 1.014e-03
Epoch: 576	Train loss: 6.339e-04	Val loss: 1.152e-03
Epoch: 577	Train loss: 6.344e-04	Val loss: 8.429e-04
Epoch: 578	Train loss: 5.997e-04	Val loss: 1.098e-03
Epoch: 579	Train loss: 6.600e-04	Val loss: 9.462e-04
Epoch: 580	Train loss: 6.390e-04	Val loss: 8.602e-04
Epoch: 581	Train loss: 5.978e-04	Val loss: 1.177e-03
Epoch: 582	Train loss: 6.945e-04	Val loss: 1.225e-03
Epoch: 583	Train loss: 6.715e-04	Val loss: 1.099e-03
Epoch: 584	Train loss: 5.921e-04	Val loss: 1.934e-03
Epoch: 585	Train loss: 6.325e-04	Val loss: 1.631e-03
Epoch: 586	Train loss: 6.376e-04	Val loss: 9.476e-04
Epoch: 587	Train loss: 6.820e-04	Val loss: 9.455e-04
Epoch: 588	Train loss: 6.290e-04	Val loss: 9.881e-04
Epoch: 589	Train loss: 6.478e-04	Val loss: 1.130e-03
Epoch: 590	Train loss: 6.760e-04	Val loss: 9.225e-04
Epoch: 591	Train loss: 6.390e-04	Val loss: 1.035e-03
Epoch: 592	Train loss: 5.987e-04	Val loss: 1.064e-03
Epoch: 593	Train loss: 6.327e-04	Val loss: 1.177e-03
Epoch: 594	Train loss: 6.103e-04	Val loss: 1.512e-03
Epoch: 595	Train loss: 6.843e-04	Val loss: 9.614e-04
Epoch: 596	Train loss: 6.975e-04	Val loss: 1.130e-03
Epoch: 597	Train loss: 5.580e-04	Val loss: 1.040e-03
Epoch: 598	Train loss: 6.924e-04	Val loss: 1.184e-03
Epoch: 599	Train loss: 5.689e-04	Val loss: 1.707e-03
Epoch: 600	Train loss: 5.935e-04	Val loss: 1.053e-03
Epoch: 601	Train loss: 6.579e-04	Val loss: 2.156e-03
Epoch: 602	Train loss: 6.639e-04	Val loss: 1.137e-03
Epoch: 603	Train loss: 6.571e-04	Val loss: 1.155e-03
Epoch: 604	Train loss: 6.972e-04	Val loss: 8.637e-04
Epoch: 605	Train loss: 5.988e-04	Val loss: 9.615e-04
Epoch: 606	Train loss: 6.874e-04	Val loss: 1.334e-03
Epoch: 607	Train loss: 5.653e-04	Val loss: 1.692e-03
Epoch: 608	Train loss: 6.322e-04	Val loss: 3.131e-03
Epoch: 609	Train loss: 5.884e-04	Val loss: 1.088e-03
Epoch: 610	Train loss: 6.232e-04	Val loss: 1.073e-03
Epoch: 611	Train loss: 5.798e-04	Val loss: 1.118e-03
Epoch: 612	Train loss: 6.582e-04	Val loss: 1.150e-03
Epoch: 613	Train loss: 6.155e-04	Val loss: 9.972e-04
Epoch: 614	Train loss: 6.418e-04	Val loss: 1.184e-03
Epoch: 615	Train loss: 6.424e-04	Val loss: 1.186e-03
Epoch: 616	Train loss: 6.284e-04	Val loss: 1.119e-03
Epoch: 617	Train loss: 5.935e-04	Val loss: 1.560e-03
Epoch: 618	Train loss: 6.401e-04	Val loss: 8.549e-04
Epoch: 619	Train loss: 6.357e-04	Val loss: 8.303e-04
Epoch: 620	Train loss: 6.453e-04	Val loss: 1.045e-03
Epoch: 621	Train loss: 5.921e-04	Val loss: 9.891e-04
Epoch: 622	Train loss: 6.653e-04	Val loss: 9.916e-04
Epoch: 623	Train loss: 5.765e-04	Val loss: 1.117e-03
Epoch: 624	Train loss: 7.039e-04	Val loss: 9.322e-04
Epoch: 625	Train loss: 6.365e-04	Val loss: 1.569e-03
Epoch: 626	Train loss: 7.138e-04	Val loss: 1.242e-03
Epoch: 627	Train loss: 5.816e-04	Val loss: 1.060e-03
Epoch: 628	Train loss: 6.193e-04	Val loss: 9.373e-04
Epoch: 629	Train loss: 6.202e-04	Val loss: 9.260e-04
Epoch: 630	Train loss: 5.837e-04	Val loss: 1.314e-03
Epoch: 631	Train loss: 6.973e-04	Val loss: 9.759e-04
Epoch: 632	Train loss: 5.801e-04	Val loss: 9.349e-04
Epoch: 633	Train loss: 6.713e-04	Val loss: 1.023e-03
Epoch: 634	Train loss: 6.704e-04	Val loss: 1.215e-03
Epoch: 635	Train loss: 5.857e-04	Val loss: 1.178e-03
Epoch: 636	Train loss: 6.745e-04	Val loss: 1.052e-03
Epoch: 637	Train loss: 6.397e-04	Val loss: 1.038e-03
Epoch: 638	Train loss: 5.674e-04	Val loss: 9.824e-04
Epoch: 639	Train loss: 6.437e-04	Val loss: 1.575e-03
Epoch: 640	Train loss: 5.995e-04	Val loss: 1.224e-03
Epoch: 641	Train loss: 6.133e-04	Val loss: 1.168e-03
Epoch: 642	Train loss: 5.891e-04	Val loss: 1.043e-03
Epoch: 643	Train loss: 6.196e-04	Val loss: 8.503e-04
Epoch: 644	Train loss: 6.152e-04	Val loss: 9.137e-04
Epoch: 645	Train loss: 6.898e-04	Val loss: 1.520e-03
Epoch: 646	Train loss: 5.492e-04	Val loss: 1.529e-03
Epoch: 647	Train loss: 6.711e-04	Val loss: 1.335e-03
Epoch: 648	Train loss: 5.983e-04	Val loss: 1.018e-03
Epoch: 649	Train loss: 6.090e-04	Val loss: 1.219e-03
Epoch: 650	Train loss: 6.839e-04	Val loss: 9.869e-04
Epoch: 651	Train loss: 6.114e-04	Val loss: 8.756e-04
Epoch: 652	Train loss: 5.719e-04	Val loss: 1.748e-03
Epoch: 653	Train loss: 6.894e-04	Val loss: 1.041e-03
Epoch: 654	Train loss: 6.397e-04	Val loss: 1.052e-03
Epoch: 655	Train loss: 5.380e-04	Val loss: 1.601e-03
Epoch: 656	Train loss: 6.008e-04	Val loss: 9.057e-04
Epoch: 657	Train loss: 6.718e-04	Val loss: 9.650e-04
Epoch: 658	Train loss: 5.988e-04	Val loss: 1.326e-03
Epoch: 659	Train loss: 6.776e-04	Val loss: 1.029e-03
Epoch: 660	Train loss: 5.602e-04	Val loss: 9.145e-04
Epoch: 661	Train loss: 5.902e-04	Val loss: 9.656e-04
Epoch: 662	Train loss: 6.735e-04	Val loss: 8.593e-04
Epoch: 663	Train loss: 6.004e-04	Val loss: 1.100e-03
Epoch: 664	Train loss: 6.394e-04	Val loss: 1.156e-03
Epoch: 665	Train loss: 6.027e-04	Val loss: 1.075e-03
Epoch: 666	Train loss: 6.410e-04	Val loss: 1.184e-03
Epoch: 667	Train loss: 6.219e-04	Val loss: 1.032e-03
Epoch: 668	Train loss: 5.797e-04	Val loss: 1.030e-03
Epoch: 669	Train loss: 6.584e-04	Val loss: 1.187e-03
Epoch: 670	Train loss: 6.147e-04	Val loss: 1.336e-03
Epoch: 671	Train loss: 5.395e-04	Val loss: 1.384e-03
Epoch: 672	Train loss: 6.317e-04	Val loss: 1.415e-03
Epoch: 673	Train loss: 6.306e-04	Val loss: 1.207e-03
Epoch: 674	Train loss: 6.027e-04	Val loss: 1.281e-03
Epoch: 675	Train loss: 6.232e-04	Val loss: 1.013e-03
Epoch: 676	Train loss: 6.692e-04	Val loss: 9.927e-04
Epoch: 677	Train loss: 6.131e-04	Val loss: 1.263e-03
Epoch: 678	Train loss: 5.954e-04	Val loss: 9.804e-04
Epoch: 679	Train loss: 6.800e-04	Val loss: 8.252e-04
Epoch: 680	Train loss: 5.661e-04	Val loss: 9.168e-04
Epoch: 681	Train loss: 6.318e-04	Val loss: 8.120e-04
Epoch: 682	Train loss: 6.635e-04	Val loss: 9.747e-04
Epoch: 683	Train loss: 5.984e-04	Val loss: 9.151e-04
Epoch: 684	Train loss: 7.046e-04	Val loss: 1.483e-03
Epoch: 685	Train loss: 5.436e-04	Val loss: 1.160e-03
Epoch: 686	Train loss: 6.392e-04	Val loss: 1.773e-03
Epoch: 687	Train loss: 6.082e-04	Val loss: 9.248e-04
Epoch: 688	Train loss: 6.334e-04	Val loss: 8.378e-04
Epoch: 689	Train loss: 5.548e-04	Val loss: 9.328e-04
Epoch: 690	Train loss: 6.820e-04	Val loss: 1.047e-03
Epoch: 691	Train loss: 6.258e-04	Val loss: 9.942e-04
Epoch: 692	Train loss: 6.060e-04	Val loss: 1.014e-03
Epoch: 693	Train loss: 6.077e-04	Val loss: 2.007e-03
Epoch: 694	Train loss: 6.532e-04	Val loss: 2.511e-03
Epoch: 695	Train loss: 5.771e-04	Val loss: 9.478e-04
Epoch: 696	Train loss: 6.409e-04	Val loss: 9.766e-04
Epoch: 697	Train loss: 5.948e-04	Val loss: 1.002e-03
Epoch: 698	Train loss: 6.540e-04	Val loss: 1.023e-03
Epoch: 699	Train loss: 5.908e-04	Val loss: 1.045e-03
Epoch: 700	Train loss: 5.870e-04	Val loss: 9.091e-04
Epoch: 701	Train loss: 6.803e-04	Val loss: 8.926e-04
Epoch: 702	Train loss: 6.791e-04	Val loss: 9.218e-04
Epoch: 703	Train loss: 4.875e-04	Val loss: 1.165e-03
Epoch: 704	Train loss: 6.863e-04	Val loss: 1.181e-03
Epoch: 705	Train loss: 5.606e-04	Val loss: 1.167e-03
Epoch: 706	Train loss: 6.446e-04	Val loss: 1.298e-03
Epoch: 707	Train loss: 6.125e-04	Val loss: 8.847e-04
Epoch: 708	Train loss: 6.036e-04	Val loss: 8.188e-04
Epoch: 709	Train loss: 5.533e-04	Val loss: 9.175e-04
Epoch: 710	Train loss: 6.927e-04	Val loss: 9.464e-04
Epoch: 711	Train loss: 6.501e-04	Val loss: 1.014e-03
Epoch: 712	Train loss: 7.019e-04	Val loss: 1.084e-03
Epoch: 713	Train loss: 5.755e-04	Val loss: 1.071e-03
Epoch: 714	Train loss: 5.587e-04	Val loss: 9.278e-04
Epoch: 715	Train loss: 6.551e-04	Val loss: 8.724e-04
Epoch: 716	Train loss: 6.012e-04	Val loss: 8.330e-04
Epoch: 717	Train loss: 6.156e-04	Val loss: 1.115e-03
Epoch: 718	Train loss: 5.786e-04	Val loss: 1.302e-03
Epoch: 719	Train loss: 6.668e-04	Val loss: 1.043e-03
Epoch: 720	Train loss: 6.049e-04	Val loss: 8.148e-04
Epoch: 721	Train loss: 6.418e-04	Val loss: 1.389e-03
Epoch: 722	Train loss: 6.049e-04	Val loss: 8.653e-04
Epoch: 723	Train loss: 6.019e-04	Val loss: 2.584e-03
Epoch: 724	Train loss: 5.979e-04	Val loss: 1.365e-03
Epoch: 725	Train loss: 6.521e-04	Val loss: 1.149e-03
Epoch: 726	Train loss: 5.370e-04	Val loss: 1.017e-03
Epoch: 727	Train loss: 6.780e-04	Val loss: 1.289e-03
Epoch: 728	Train loss: 5.558e-04	Val loss: 1.065e-03
Epoch: 729	Train loss: 6.045e-04	Val loss: 1.139e-03
Epoch: 730	Train loss: 6.254e-04	Val loss: 1.229e-03
Epoch: 731	Train loss: 6.180e-04	Val loss: 2.238e-03
Epoch: 732	Train loss: 5.899e-04	Val loss: 9.768e-04
Epoch: 733	Train loss: 5.938e-04	Val loss: 1.512e-03
Epoch: 734	Train loss: 6.078e-04	Val loss: 1.187e-03
Epoch: 735	Train loss: 6.650e-04	Val loss: 8.329e-04
Epoch: 736	Train loss: 5.695e-04	Val loss: 1.240e-03
Epoch: 737	Train loss: 5.968e-04	Val loss: 1.280e-03
Epoch: 738	Train loss: 6.054e-04	Val loss: 9.924e-04
Epoch: 739	Train loss: 6.795e-04	Val loss: 1.926e-03
Epoch: 740	Train loss: 5.678e-04	Val loss: 1.063e-03
Epoch: 741	Train loss: 6.004e-04	Val loss: 9.080e-04
Epoch: 742	Train loss: 6.087e-04	Val loss: 1.047e-03
Epoch: 743	Train loss: 6.781e-04	Val loss: 1.222e-03
Epoch: 744	Train loss: 5.669e-04	Val loss: 1.439e-03
Epoch: 745	Train loss: 6.124e-04	Val loss: 2.214e-03
Epoch: 746	Train loss: 6.570e-04	Val loss: 9.283e-04
Epoch: 747	Train loss: 5.756e-04	Val loss: 1.009e-03
Epoch: 748	Train loss: 5.822e-04	Val loss: 1.348e-03
Epoch: 749	Train loss: 5.921e-04	Val loss: 2.690e-03
Epoch: 750	Train loss: 5.732e-04	Val loss: 8.083e-04
Epoch: 751	Train loss: 6.195e-04	Val loss: 1.059e-03
Epoch: 752	Train loss: 6.038e-04	Val loss: 1.370e-03
Epoch: 753	Train loss: 6.043e-04	Val loss: 1.511e-03
Epoch: 754	Train loss: 5.894e-04	Val loss: 1.229e-03
Epoch: 755	Train loss: 6.108e-04	Val loss: 8.776e-04
Epoch: 756	Train loss: 5.721e-04	Val loss: 9.661e-04
Epoch: 757	Train loss: 6.869e-04	Val loss: 8.188e-04
Epoch: 758	Train loss: 5.411e-04	Val loss: 1.316e-03
Epoch: 759	Train loss: 6.269e-04	Val loss: 2.637e-03
Epoch: 760	Train loss: 5.867e-04	Val loss: 1.043e-03
Epoch: 761	Train loss: 5.873e-04	Val loss: 9.886e-04
Epoch: 762	Train loss: 6.899e-04	Val loss: 9.277e-04
Epoch: 763	Train loss: 5.693e-04	Val loss: 1.280e-03
Epoch: 764	Train loss: 6.091e-04	Val loss: 8.600e-04
Epoch: 765	Train loss: 6.103e-04	Val loss: 9.482e-04
Epoch: 766	Train loss: 6.391e-04	Val loss: 1.069e-03
Epoch: 767	Train loss: 5.647e-04	Val loss: 1.153e-03
Epoch: 768	Train loss: 5.503e-04	Val loss: 9.831e-04
Epoch: 769	Train loss: 6.411e-04	Val loss: 1.073e-03
Epoch: 770	Train loss: 5.823e-04	Val loss: 1.126e-03
Epoch: 771	Train loss: 5.606e-04	Val loss: 1.016e-03
Epoch: 772	Train loss: 6.471e-04	Val loss: 9.784e-04
Epoch: 773	Train loss: 6.025e-04	Val loss: 1.454e-03
Epoch: 774	Train loss: 5.806e-04	Val loss: 1.392e-03
Epoch: 775	Train loss: 6.497e-04	Val loss: 8.923e-04
Epoch: 776	Train loss: 5.980e-04	Val loss: 1.185e-03
Epoch: 777	Train loss: 6.053e-04	Val loss: 1.430e-03
Epoch: 778	Train loss: 4.975e-04	Val loss: 1.535e-03
Epoch: 779	Train loss: 6.880e-04	Val loss: 1.026e-03
Epoch: 780	Train loss: 6.009e-04	Val loss: 9.073e-04
Epoch: 781	Train loss: 5.999e-04	Val loss: 2.618e-03
Epoch: 782	Train loss: 6.089e-04	Val loss: 1.110e-03
Epoch: 783	Train loss: 5.783e-04	Val loss: 1.853e-03
Epoch: 784	Train loss: 5.953e-04	Val loss: 8.210e-04
Epoch: 785	Train loss: 6.081e-04	Val loss: 1.106e-03
Epoch: 786	Train loss: 6.331e-04	Val loss: 1.128e-03
Epoch: 787	Train loss: 5.886e-04	Val loss: 1.566e-03
Epoch: 788	Train loss: 5.952e-04	Val loss: 9.625e-04
Epoch: 789	Train loss: 5.996e-04	Val loss: 8.360e-04
Epoch: 790	Train loss: 6.084e-04	Val loss: 9.974e-04
Epoch: 791	Train loss: 5.898e-04	Val loss: 1.726e-03
Epoch: 792	Train loss: 5.783e-04	Val loss: 1.005e-03
Epoch: 793	Train loss: 6.895e-04	Val loss: 8.099e-04
Epoch: 794	Train loss: 4.889e-04	Val loss: 1.046e-03
Epoch: 795	Train loss: 6.173e-04	Val loss: 9.474e-04
Epoch: 796	Train loss: 6.398e-04	Val loss: 8.777e-04
Epoch: 797	Train loss: 5.930e-04	Val loss: 1.000e-03
Epoch: 798	Train loss: 5.879e-04	Val loss: 1.145e-03
Epoch: 799	Train loss: 6.159e-04	Val loss: 1.261e-03
Epoch: 800	Train loss: 5.632e-04	Val loss: 9.491e-04
Epoch: 801	Train loss: 6.317e-04	Val loss: 1.633e-03
Epoch: 802	Train loss: 8.110e-04	Val loss: 8.969e-04
Epoch: 803	Train loss: 5.084e-04	Val loss: 1.037e-03
Epoch: 804	Train loss: 5.805e-04	Val loss: 8.560e-04
Epoch: 805	Train loss: 5.666e-04	Val loss: 1.334e-03
Epoch: 806	Train loss: 6.286e-04	Val loss: 1.148e-03
Epoch: 807	Train loss: 6.574e-04	Val loss: 9.819e-04
Epoch: 808	Train loss: 5.763e-04	Val loss: 1.142e-03
Epoch: 809	Train loss: 6.056e-04	Val loss: 1.097e-03
Epoch: 810	Train loss: 5.338e-04	Val loss: 9.074e-04
Epoch: 811	Train loss: 6.264e-04	Val loss: 1.256e-03
Epoch: 812	Train loss: 5.863e-04	Val loss: 9.057e-04
Epoch: 813	Train loss: 5.515e-04	Val loss: 9.223e-04
Epoch: 814	Train loss: 6.602e-04	Val loss: 1.617e-03
Epoch: 815	Train loss: 5.308e-04	Val loss: 9.933e-04
Epoch: 816	Train loss: 6.341e-04	Val loss: 9.144e-04
Epoch: 817	Train loss: 6.331e-04	Val loss: 1.024e-03
Epoch: 818	Train loss: 5.438e-04	Val loss: 1.040e-03
Epoch: 819	Train loss: 6.151e-04	Val loss: 1.451e-03
Epoch: 820	Train loss: 5.962e-04	Val loss: 9.160e-04
Epoch: 821	Train loss: 5.850e-04	Val loss: 1.327e-03
Epoch: 822	Train loss: 5.480e-04	Val loss: 1.262e-03
Epoch: 823	Train loss: 5.984e-04	Val loss: 1.230e-03
Epoch: 824	Train loss: 5.695e-04	Val loss: 1.350e-03
Epoch: 825	Train loss: 5.976e-04	Val loss: 8.681e-04
Epoch: 826	Train loss: 6.078e-04	Val loss: 9.599e-04
Epoch: 827	Train loss: 5.948e-04	Val loss: 1.226e-03
Epoch: 828	Train loss: 6.782e-04	Val loss: 1.187e-03
Epoch: 829	Train loss: 5.808e-04	Val loss: 1.105e-03
Epoch: 830	Train loss: 6.027e-04	Val loss: 1.156e-03
Epoch: 831	Train loss: 5.888e-04	Val loss: 1.454e-03
Epoch: 832	Train loss: 7.528e-04	Val loss: 1.668e-03
Epoch: 833	Train loss: 6.059e-04	Val loss: 2.149e-03
Epoch: 834	Train loss: 5.233e-04	Val loss: 1.216e-03
Epoch: 835	Train loss: 7.222e-04	Val loss: 1.298e-03
Epoch: 836	Train loss: 5.145e-04	Val loss: 8.854e-04
Epoch: 837	Train loss: 5.477e-04	Val loss: 1.033e-03
Epoch: 838	Train loss: 6.431e-04	Val loss: 1.047e-03
Epoch: 839	Train loss: 5.430e-04	Val loss: 1.185e-03
Epoch: 840	Train loss: 6.176e-04	Val loss: 9.899e-04
Epoch: 841	Train loss: 5.814e-04	Val loss: 1.404e-03
Epoch: 842	Train loss: 5.537e-04	Val loss: 8.672e-04
Epoch: 843	Train loss: 5.792e-04	Val loss: 9.680e-04
Epoch: 844	Train loss: 5.877e-04	Val loss: 8.705e-04
Epoch: 845	Train loss: 6.130e-04	Val loss: 1.094e-03
Epoch: 846	Train loss: 5.682e-04	Val loss: 9.992e-04
Epoch: 847	Train loss: 5.544e-04	Val loss: 1.063e-03
Epoch: 848	Train loss: 6.324e-04	Val loss: 1.267e-03
Epoch: 849	Train loss: 5.691e-04	Val loss: 1.109e-03
Epoch: 850	Train loss: 5.408e-04	Val loss: 1.877e-03
Epoch: 851	Train loss: 6.320e-04	Val loss: 8.572e-04
Epoch: 852	Train loss: 5.786e-04	Val loss: 1.441e-03
Epoch: 853	Train loss: 6.374e-04	Val loss: 1.064e-03
Epoch: 854	Train loss: 5.509e-04	Val loss: 9.228e-04
Epoch: 855	Train loss: 5.750e-04	Val loss: 2.087e-03
Epoch: 856	Train loss: 6.208e-04	Val loss: 8.952e-04
Epoch: 857	Train loss: 6.267e-04	Val loss: 1.981e-03
Epoch: 858	Train loss: 6.141e-04	Val loss: 1.560e-03
Epoch: 859	Train loss: 5.505e-04	Val loss: 9.783e-04
Epoch: 860	Train loss: 6.338e-04	Val loss: 9.465e-04
Epoch: 861	Train loss: 5.229e-04	Val loss: 1.084e-03
Epoch: 862	Train loss: 6.587e-04	Val loss: 1.415e-03
Epoch: 863	Train loss: 6.002e-04	Val loss: 9.697e-04
Epoch: 864	Train loss: 5.440e-04	Val loss: 8.730e-04
Epoch: 865	Train loss: 6.094e-04	Val loss: 1.036e-03
Epoch: 866	Train loss: 5.745e-04	Val loss: 1.087e-03
Epoch: 867	Train loss: 5.744e-04	Val loss: 9.005e-04
Epoch: 868	Train loss: 5.778e-04	Val loss: 8.886e-04
Epoch: 869	Train loss: 6.219e-04	Val loss: 1.720e-03
Epoch: 870	Train loss: 5.892e-04	Val loss: 1.217e-03
Epoch: 871	Train loss: 5.601e-04	Val loss: 9.495e-04
Epoch: 872	Train loss: 6.181e-04	Val loss: 1.606e-03
Epoch: 873	Train loss: 5.711e-04	Val loss: 9.507e-04
Epoch: 874	Train loss: 6.094e-04	Val loss: 1.263e-03
Epoch: 875	Train loss: 5.730e-04	Val loss: 1.465e-03
Epoch: 876	Train loss: 6.021e-04	Val loss: 1.447e-03
Epoch: 877	Train loss: 5.968e-04	Val loss: 9.343e-04
Epoch: 878	Train loss: 5.708e-04	Val loss: 1.008e-03
Epoch: 879	Train loss: 6.096e-04	Val loss: 1.074e-03
Epoch: 880	Train loss: 5.542e-04	Val loss: 1.660e-03
Epoch: 881	Train loss: 6.291e-04	Val loss: 8.625e-04
Epoch: 882	Train loss: 5.703e-04	Val loss: 8.542e-04
Epoch: 883	Train loss: 5.778e-04	Val loss: 8.514e-04
Epoch: 884	Train loss: 5.978e-04	Val loss: 1.096e-03
Epoch: 885	Train loss: 5.772e-04	Val loss: 1.433e-03
Epoch: 886	Train loss: 6.933e-04	Val loss: 2.834e-03
Epoch: 887	Train loss: 5.112e-04	Val loss: 1.181e-03
Epoch: 888	Train loss: 5.813e-04	Val loss: 1.143e-03
Epoch: 889	Train loss: 6.040e-04	Val loss: 1.227e-03
Epoch: 890	Train loss: 5.430e-04	Val loss: 8.836e-04
Epoch: 891	Train loss: 6.278e-04	Val loss: 1.745e-03
Epoch: 892	Train loss: 5.479e-04	Val loss: 8.881e-04
Epoch: 893	Train loss: 6.316e-04	Val loss: 1.229e-03
Epoch: 894	Train loss: 5.213e-04	Val loss: 8.986e-04
Epoch: 895	Train loss: 6.120e-04	Val loss: 1.151e-03
Epoch: 896	Train loss: 6.350e-04	Val loss: 1.030e-03
Epoch: 897	Train loss: 5.562e-04	Val loss: 9.624e-04
Epoch: 898	Train loss: 6.267e-04	Val loss: 1.117e-03
Epoch: 899	Train loss: 5.077e-04	Val loss: 1.314e-03
Epoch: 900	Train loss: 6.506e-04	Val loss: 1.334e-03
Epoch: 901	Train loss: 5.725e-04	Val loss: 1.077e-03
Epoch: 902	Train loss: 6.033e-04	Val loss: 9.875e-04
Epoch: 903	Train loss: 5.484e-04	Val loss: 1.711e-03
Epoch: 904	Train loss: 5.831e-04	Val loss: 1.061e-03
Epoch: 905	Train loss: 6.044e-04	Val loss: 8.888e-04
Epoch: 906	Train loss: 6.038e-04	Val loss: 8.524e-04
Epoch: 907	Train loss: 5.392e-04	Val loss: 9.696e-04
Epoch: 908	Train loss: 5.486e-04	Val loss: 1.107e-03
Epoch: 909	Train loss: 6.176e-04	Val loss: 9.590e-04
Epoch: 910	Train loss: 5.404e-04	Val loss: 9.257e-04
Epoch: 911	Train loss: 6.159e-04	Val loss: 9.882e-04
Epoch: 912	Train loss: 6.143e-04	Val loss: 1.013e-03
Epoch: 913	Train loss: 5.581e-04	Val loss: 1.293e-03
Epoch: 914	Train loss: 6.649e-04	Val loss: 9.252e-04
Epoch: 915	Train loss: 5.354e-04	Val loss: 1.810e-03
Epoch: 916	Train loss: 6.122e-04	Val loss: 1.097e-03
Epoch: 917	Train loss: 5.462e-04	Val loss: 1.321e-03
Epoch: 918	Train loss: 6.012e-04	Val loss: 1.379e-03
Epoch: 919	Train loss: 6.516e-04	Val loss: 1.050e-03
Epoch: 920	Train loss: 5.425e-04	Val loss: 8.064e-04
Epoch: 921	Train loss: 6.185e-04	Val loss: 1.165e-03
Epoch: 922	Train loss: 5.937e-04	Val loss: 1.180e-03
Epoch: 923	Train loss: 5.768e-04	Val loss: 1.286e-03
Epoch: 924	Train loss: 5.363e-04	Val loss: 1.346e-03
Epoch: 925	Train loss: 5.749e-04	Val loss: 1.061e-03
Epoch: 926	Train loss: 6.022e-04	Val loss: 2.202e-03
Epoch: 927	Train loss: 6.143e-04	Val loss: 9.683e-04
Epoch: 928	Train loss: 5.750e-04	Val loss: 1.142e-03
Epoch: 929	Train loss: 5.928e-04	Val loss: 1.318e-03
Epoch: 930	Train loss: 6.060e-04	Val loss: 1.393e-03
Epoch: 931	Train loss: 5.530e-04	Val loss: 9.959e-04
Epoch: 932	Train loss: 5.942e-04	Val loss: 1.522e-03
Epoch: 933	Train loss: 6.224e-04	Val loss: 1.116e-03
Epoch: 934	Train loss: 6.050e-04	Val loss: 1.166e-03
Epoch: 935	Train loss: 6.243e-04	Val loss: 1.060e-03
Epoch: 936	Train loss: 5.729e-04	Val loss: 1.012e-03
Epoch: 937	Train loss: 5.850e-04	Val loss: 1.236e-03
Epoch: 938	Train loss: 6.042e-04	Val loss: 1.077e-03
Epoch: 939	Train loss: 6.128e-04	Val loss: 9.053e-04
Epoch: 940	Train loss: 5.524e-04	Val loss: 8.474e-04
Epoch: 941	Train loss: 5.310e-04	Val loss: 9.582e-04
Epoch: 942	Train loss: 5.819e-04	Val loss: 1.432e-03
Epoch: 943	Train loss: 5.900e-04	Val loss: 1.190e-03
Epoch: 944	Train loss: 5.830e-04	Val loss: 1.106e-03
Epoch: 945	Train loss: 6.117e-04	Val loss: 9.450e-04
Epoch: 946	Train loss: 5.695e-04	Val loss: 9.715e-04
Epoch: 947	Train loss: 6.559e-04	Val loss: 1.275e-03
Epoch: 948	Train loss: 5.907e-04	Val loss: 9.754e-04
Epoch: 949	Train loss: 5.175e-04	Val loss: 8.560e-04
Epoch: 950	Train loss: 5.748e-04	Val loss: 1.051e-03
Epoch: 951	Train loss: 6.074e-04	Val loss: 1.448e-03
Epoch: 952	Train loss: 6.502e-04	Val loss: 9.831e-04
Epoch: 953	Train loss: 5.688e-04	Val loss: 9.269e-04
Epoch: 954	Train loss: 5.291e-04	Val loss: 9.523e-04
Epoch: 955	Train loss: 5.676e-04	Val loss: 1.397e-03
Epoch: 956	Train loss: 5.605e-04	Val loss: 8.307e-04
Epoch: 957	Train loss: 6.509e-04	Val loss: 1.121e-03
Epoch: 958	Train loss: 5.629e-04	Val loss: 1.208e-03
Epoch: 959	Train loss: 5.928e-04	Val loss: 9.227e-04
Epoch: 960	Train loss: 5.737e-04	Val loss: 8.689e-04
Epoch: 961	Train loss: 5.910e-04	Val loss: 1.026e-03
Epoch: 962	Train loss: 5.369e-04	Val loss: 9.254e-04
Epoch: 963	Train loss: 5.741e-04	Val loss: 1.181e-03
Epoch: 964	Train loss: 5.785e-04	Val loss: 1.505e-03
Epoch: 965	Train loss: 6.053e-04	Val loss: 7.660e-04
Epoch: 966	Train loss: 5.499e-04	Val loss: 1.175e-03
Epoch: 967	Train loss: 5.593e-04	Val loss: 9.442e-04
Epoch: 968	Train loss: 5.415e-04	Val loss: 9.517e-04
Epoch: 969	Train loss: 7.171e-04	Val loss: 8.325e-04
Epoch: 970	Train loss: 5.580e-04	Val loss: 1.443e-03
Epoch: 971	Train loss: 5.834e-04	Val loss: 9.780e-04
Epoch: 972	Train loss: 5.894e-04	Val loss: 9.885e-04
Epoch: 973	Train loss: 5.463e-04	Val loss: 1.146e-03
Epoch: 974	Train loss: 5.944e-04	Val loss: 1.508e-03
Epoch: 975	Train loss: 5.485e-04	Val loss: 1.231e-03
Epoch: 976	Train loss: 5.683e-04	Val loss: 9.512e-04
Epoch: 977	Train loss: 6.523e-04	Val loss: 1.204e-03
Epoch: 978	Train loss: 5.942e-04	Val loss: 9.274e-04
Epoch: 979	Train loss: 5.079e-04	Val loss: 1.854e-03
Epoch: 980	Train loss: 5.875e-04	Val loss: 9.460e-04
Epoch: 981	Train loss: 5.911e-04	Val loss: 1.908e-03
Epoch: 982	Train loss: 5.587e-04	Val loss: 1.269e-03
Epoch: 983	Train loss: 6.046e-04	Val loss: 1.160e-03
Epoch: 984	Train loss: 5.676e-04	Val loss: 1.067e-03
Epoch: 985	Train loss: 6.067e-04	Val loss: 1.044e-03
Epoch: 986	Train loss: 5.991e-04	Val loss: 9.598e-04
Epoch: 987	Train loss: 5.585e-04	Val loss: 1.021e-03
Epoch: 988	Train loss: 6.327e-04	Val loss: 8.022e-04
Epoch: 989	Train loss: 6.064e-04	Val loss: 1.448e-03
Epoch: 990	Train loss: 5.911e-04	Val loss: 1.275e-03
Epoch: 991	Train loss: 5.472e-04	Val loss: 1.413e-03
Epoch: 992	Train loss: 5.644e-04	Val loss: 1.131e-03
Epoch: 993	Train loss: 6.253e-04	Val loss: 1.092e-03
Epoch: 994	Train loss: 5.181e-04	Val loss: 1.209e-03
Epoch: 995	Train loss: 5.996e-04	Val loss: 1.135e-03
Epoch: 996	Train loss: 5.476e-04	Val loss: 1.403e-03
Epoch: 997	Train loss: 6.240e-04	Val loss: 1.689e-03
Epoch: 998	Train loss: 5.173e-04	Val loss: 1.027e-03
Epoch: 999	Train loss: 5.973e-04	Val loss: 9.193e-04
Epoch: 1000	Train loss: 5.604e-04	Val loss: 1.009e-03
Test MAE: 18.958

