Mon Dec  2 00:40:58 2024       
+-----------------------------------------------------------------------------------------+
| NVIDIA-SMI 565.57.01              Driver Version: 565.57.01      CUDA Version: 12.7     |
|-----------------------------------------+------------------------+----------------------+
| GPU  Name                 Persistence-M | Bus-Id          Disp.A | Volatile Uncorr. ECC |
| Fan  Temp   Perf          Pwr:Usage/Cap |           Memory-Usage | GPU-Util  Compute M. |
|                                         |                        |               MIG M. |
|=========================================+========================+======================|
|   0  Tesla V100-SXM2-32GB           On  |   00000000:3A:00.0 Off |                    0 |
| N/A   29C    P0             41W /  300W |       1MiB /  32768MiB |      0%   E. Process |
|                                         |                        |                  N/A |
+-----------------------------------------+------------------------+----------------------+
                                                                                         
+-----------------------------------------------------------------------------------------+
| Processes:                                                                              |
|  GPU   GI   CI        PID   Type   Process name                              GPU Memory |
|        ID   ID                                                               Usage      |
|=========================================================================================|
|  No running processes found                                                             |
+-----------------------------------------------------------------------------------------+
cuda
Tesla V100-SXM2-32GB
Epoch: 1	Train loss: 3.199e-01	Val loss: 4.211e-02
Epoch: 2	Train loss: 3.606e-02	Val loss: 3.423e-02
Epoch: 3	Train loss: 2.050e-02	Val loss: 1.623e-02
Epoch: 4	Train loss: 1.778e-02	Val loss: 1.597e-02
Epoch: 5	Train loss: 1.398e-02	Val loss: 2.246e-02
Epoch: 6	Train loss: 1.281e-02	Val loss: 8.134e-03
Epoch: 7	Train loss: 1.229e-02	Val loss: 1.009e-02
Epoch: 8	Train loss: 1.030e-02	Val loss: 2.956e-02
Epoch: 9	Train loss: 9.923e-03	Val loss: 1.845e-02
Epoch: 10	Train loss: 9.294e-03	Val loss: 6.330e-03
Epoch: 11	Train loss: 8.191e-03	Val loss: 5.907e-03
Epoch: 12	Train loss: 7.827e-03	Val loss: 7.986e-03
Epoch: 13	Train loss: 7.211e-03	Val loss: 4.822e-03
Epoch: 14	Train loss: 6.536e-03	Val loss: 6.192e-03
Epoch: 15	Train loss: 5.951e-03	Val loss: 4.911e-03
Epoch: 16	Train loss: 5.790e-03	Val loss: 5.149e-03
Epoch: 17	Train loss: 5.596e-03	Val loss: 4.315e-03
Epoch: 18	Train loss: 5.445e-03	Val loss: 6.193e-03
Epoch: 19	Train loss: 5.053e-03	Val loss: 4.538e-03
Epoch: 20	Train loss: 4.666e-03	Val loss: 4.851e-03
Epoch: 21	Train loss: 4.719e-03	Val loss: 1.163e-02
Epoch: 22	Train loss: 4.514e-03	Val loss: 3.887e-03
Epoch: 23	Train loss: 4.652e-03	Val loss: 8.690e-03
Epoch: 24	Train loss: 4.013e-03	Val loss: 5.581e-03
Epoch: 25	Train loss: 3.804e-03	Val loss: 6.406e-03
Epoch: 26	Train loss: 3.898e-03	Val loss: 2.890e-03
Epoch: 27	Train loss: 3.839e-03	Val loss: 3.620e-03
Epoch: 28	Train loss: 3.508e-03	Val loss: 4.402e-03
Epoch: 29	Train loss: 3.502e-03	Val loss: 6.234e-03
Epoch: 30	Train loss: 3.091e-03	Val loss: 1.316e-02
Epoch: 31	Train loss: 3.379e-03	Val loss: 4.125e-03
Epoch: 32	Train loss: 3.161e-03	Val loss: 2.261e-03
Epoch: 33	Train loss: 3.112e-03	Val loss: 2.165e-03
Epoch: 34	Train loss: 2.852e-03	Val loss: 3.231e-03
Epoch: 35	Train loss: 2.934e-03	Val loss: 2.391e-03
Epoch: 36	Train loss: 2.713e-03	Val loss: 3.980e-03
Epoch: 37	Train loss: 2.778e-03	Val loss: 3.581e-03
Epoch: 38	Train loss: 2.604e-03	Val loss: 2.723e-03
Epoch: 39	Train loss: 2.709e-03	Val loss: 2.317e-03
Epoch: 40	Train loss: 2.739e-03	Val loss: 3.125e-03
Epoch: 41	Train loss: 2.370e-03	Val loss: 3.569e-03
Epoch: 42	Train loss: 2.577e-03	Val loss: 1.951e-03
Epoch: 43	Train loss: 2.375e-03	Val loss: 2.274e-03
Epoch: 44	Train loss: 2.457e-03	Val loss: 2.167e-03
Epoch: 45	Train loss: 2.490e-03	Val loss: 3.357e-03
Epoch: 46	Train loss: 2.435e-03	Val loss: 2.624e-03
Epoch: 47	Train loss: 2.426e-03	Val loss: 2.145e-03
Epoch: 48	Train loss: 2.258e-03	Val loss: 3.041e-03
Epoch: 49	Train loss: 2.436e-03	Val loss: 4.862e-03
Epoch: 50	Train loss: 2.440e-03	Val loss: 1.738e-03
Epoch: 51	Train loss: 1.918e-03	Val loss: 1.947e-03
Epoch: 52	Train loss: 2.139e-03	Val loss: 2.265e-03
Epoch: 53	Train loss: 2.089e-03	Val loss: 2.480e-03
Epoch: 54	Train loss: 2.227e-03	Val loss: 2.629e-03
Epoch: 55	Train loss: 2.101e-03	Val loss: 1.727e-03
Epoch: 56	Train loss: 2.051e-03	Val loss: 2.012e-03
Epoch: 57	Train loss: 1.955e-03	Val loss: 2.139e-03
Epoch: 58	Train loss: 1.962e-03	Val loss: 2.373e-03
Epoch: 59	Train loss: 1.799e-03	Val loss: 1.531e-03
Epoch: 60	Train loss: 2.034e-03	Val loss: 1.678e-03
Epoch: 61	Train loss: 1.776e-03	Val loss: 1.827e-03
Epoch: 62	Train loss: 1.948e-03	Val loss: 1.551e-03
Epoch: 63	Train loss: 1.896e-03	Val loss: 1.995e-03
Epoch: 64	Train loss: 1.929e-03	Val loss: 1.665e-03
Epoch: 65	Train loss: 1.785e-03	Val loss: 1.836e-03
Epoch: 66	Train loss: 1.765e-03	Val loss: 1.982e-03
Epoch: 67	Train loss: 1.874e-03	Val loss: 2.835e-03
Epoch: 68	Train loss: 1.640e-03	Val loss: 1.761e-03
Epoch: 69	Train loss: 1.642e-03	Val loss: 1.680e-03
Epoch: 70	Train loss: 1.766e-03	Val loss: 2.350e-03
Epoch: 71	Train loss: 1.763e-03	Val loss: 1.611e-03
Epoch: 72	Train loss: 1.704e-03	Val loss: 2.293e-03
Epoch: 73	Train loss: 1.766e-03	Val loss: 1.426e-03
Epoch: 74	Train loss: 1.574e-03	Val loss: 1.831e-03
Epoch: 75	Train loss: 1.609e-03	Val loss: 1.910e-03
Epoch: 76	Train loss: 1.593e-03	Val loss: 3.192e-03
Epoch: 77	Train loss: 1.549e-03	Val loss: 1.793e-03
Epoch: 78	Train loss: 1.673e-03	Val loss: 1.726e-03
Epoch: 79	Train loss: 1.688e-03	Val loss: 1.239e-03
Epoch: 80	Train loss: 1.504e-03	Val loss: 1.456e-03
Epoch: 81	Train loss: 1.582e-03	Val loss: 1.814e-03
Epoch: 82	Train loss: 1.545e-03	Val loss: 1.755e-03
Epoch: 83	Train loss: 1.437e-03	Val loss: 1.670e-03
Epoch: 84	Train loss: 1.591e-03	Val loss: 1.717e-03
Epoch: 85	Train loss: 1.495e-03	Val loss: 1.245e-03
Epoch: 86	Train loss: 1.454e-03	Val loss: 1.730e-03
Epoch: 87	Train loss: 1.544e-03	Val loss: 2.162e-03
Epoch: 88	Train loss: 1.381e-03	Val loss: 1.561e-03
Epoch: 89	Train loss: 1.526e-03	Val loss: 1.892e-03
Epoch: 90	Train loss: 1.463e-03	Val loss: 2.023e-03
Epoch: 91	Train loss: 1.521e-03	Val loss: 1.485e-03
Epoch: 92	Train loss: 1.486e-03	Val loss: 1.467e-03
Epoch: 93	Train loss: 1.437e-03	Val loss: 1.870e-03
Epoch: 94	Train loss: 1.397e-03	Val loss: 2.375e-03
Epoch: 95	Train loss: 1.465e-03	Val loss: 2.855e-03
Epoch: 96	Train loss: 1.452e-03	Val loss: 1.632e-03
Epoch: 97	Train loss: 1.484e-03	Val loss: 1.826e-03
Epoch: 98	Train loss: 1.304e-03	Val loss: 2.155e-03
Epoch: 99	Train loss: 1.493e-03	Val loss: 1.530e-03
Epoch: 100	Train loss: 1.428e-03	Val loss: 2.379e-03
Epoch: 101	Train loss: 1.354e-03	Val loss: 1.410e-03
Epoch: 102	Train loss: 1.293e-03	Val loss: 1.288e-03
Epoch: 103	Train loss: 1.301e-03	Val loss: 1.412e-03
Epoch: 104	Train loss: 1.447e-03	Val loss: 1.894e-03
Epoch: 105	Train loss: 1.182e-03	Val loss: 1.327e-03
Epoch: 106	Train loss: 1.343e-03	Val loss: 1.357e-03
Epoch: 107	Train loss: 1.270e-03	Val loss: 3.323e-03
Epoch: 108	Train loss: 1.340e-03	Val loss: 1.868e-03
Epoch: 109	Train loss: 1.246e-03	Val loss: 1.486e-03
Epoch: 110	Train loss: 1.354e-03	Val loss: 2.217e-03
Epoch: 111	Train loss: 1.186e-03	Val loss: 2.672e-03
Epoch: 112	Train loss: 1.311e-03	Val loss: 3.377e-03
Epoch: 113	Train loss: 1.251e-03	Val loss: 1.382e-03
Epoch: 114	Train loss: 1.222e-03	Val loss: 1.264e-03
Epoch: 115	Train loss: 1.338e-03	Val loss: 2.569e-03
Epoch: 116	Train loss: 1.161e-03	Val loss: 1.322e-03
Epoch: 117	Train loss: 1.271e-03	Val loss: 1.577e-03
Epoch: 118	Train loss: 1.293e-03	Val loss: 1.232e-03
Epoch: 119	Train loss: 1.332e-03	Val loss: 2.063e-03
Epoch: 120	Train loss: 1.160e-03	Val loss: 1.748e-03
Epoch: 121	Train loss: 1.196e-03	Val loss: 1.267e-03
Epoch: 122	Train loss: 1.180e-03	Val loss: 1.398e-03
Epoch: 123	Train loss: 1.229e-03	Val loss: 1.947e-03
Epoch: 124	Train loss: 1.281e-03	Val loss: 1.229e-03
Epoch: 125	Train loss: 1.261e-03	Val loss: 1.294e-03
Epoch: 126	Train loss: 1.132e-03	Val loss: 2.061e-03
Epoch: 127	Train loss: 1.251e-03	Val loss: 2.147e-03
Epoch: 128	Train loss: 1.278e-03	Val loss: 1.134e-03
Epoch: 129	Train loss: 1.083e-03	Val loss: 1.347e-03
Epoch: 130	Train loss: 1.219e-03	Val loss: 1.182e-03
Epoch: 131	Train loss: 1.160e-03	Val loss: 1.729e-03
Epoch: 132	Train loss: 1.093e-03	Val loss: 2.051e-03
Epoch: 133	Train loss: 1.143e-03	Val loss: 1.882e-03
Epoch: 134	Train loss: 1.185e-03	Val loss: 1.401e-03
Epoch: 135	Train loss: 1.123e-03	Val loss: 1.655e-03
Epoch: 136	Train loss: 1.182e-03	Val loss: 2.578e-03
Epoch: 137	Train loss: 1.099e-03	Val loss: 2.068e-03
Epoch: 138	Train loss: 1.346e-03	Val loss: 1.405e-03
Epoch: 139	Train loss: 1.118e-03	Val loss: 1.593e-03
Epoch: 140	Train loss: 1.118e-03	Val loss: 1.348e-03
Epoch: 141	Train loss: 1.077e-03	Val loss: 1.271e-03
Epoch: 142	Train loss: 1.178e-03	Val loss: 1.598e-03
Epoch: 143	Train loss: 1.200e-03	Val loss: 1.397e-03
Epoch: 144	Train loss: 1.069e-03	Val loss: 1.700e-03
Epoch: 145	Train loss: 1.204e-03	Val loss: 1.545e-03
Epoch: 146	Train loss: 1.069e-03	Val loss: 1.711e-03
Epoch: 147	Train loss: 1.067e-03	Val loss: 1.062e-03
Epoch: 148	Train loss: 1.164e-03	Val loss: 2.578e-03
Epoch: 149	Train loss: 1.064e-03	Val loss: 1.748e-03
Epoch: 150	Train loss: 1.109e-03	Val loss: 1.567e-03
Epoch: 151	Train loss: 1.056e-03	Val loss: 1.742e-03
Epoch: 152	Train loss: 1.109e-03	Val loss: 1.089e-03
Epoch: 153	Train loss: 1.150e-03	Val loss: 1.454e-03
Epoch: 154	Train loss: 1.031e-03	Val loss: 1.893e-03
Epoch: 155	Train loss: 1.066e-03	Val loss: 1.289e-03
Epoch: 156	Train loss: 1.074e-03	Val loss: 1.697e-03
Epoch: 157	Train loss: 9.961e-04	Val loss: 1.127e-03
Epoch: 158	Train loss: 1.176e-03	Val loss: 1.365e-03
Epoch: 159	Train loss: 1.075e-03	Val loss: 1.123e-03
Epoch: 160	Train loss: 1.050e-03	Val loss: 1.306e-03
Epoch: 161	Train loss: 9.851e-04	Val loss: 1.030e-03
Epoch: 162	Train loss: 1.106e-03	Val loss: 2.438e-03
Epoch: 163	Train loss: 1.025e-03	Val loss: 1.259e-03
Epoch: 164	Train loss: 1.137e-03	Val loss: 1.594e-03
Epoch: 165	Train loss: 9.797e-04	Val loss: 1.797e-03
Epoch: 166	Train loss: 1.009e-03	Val loss: 1.377e-03
Epoch: 167	Train loss: 9.532e-04	Val loss: 9.983e-04
Epoch: 168	Train loss: 1.078e-03	Val loss: 3.141e-03
Epoch: 169	Train loss: 1.074e-03	Val loss: 1.974e-03
Epoch: 170	Train loss: 1.019e-03	Val loss: 1.499e-03
Epoch: 171	Train loss: 1.054e-03	Val loss: 2.398e-03
Epoch: 172	Train loss: 9.814e-04	Val loss: 1.822e-03
Epoch: 173	Train loss: 1.068e-03	Val loss: 1.981e-03
Epoch: 174	Train loss: 1.014e-03	Val loss: 3.843e-03
Epoch: 175	Train loss: 1.032e-03	Val loss: 1.552e-03
Epoch: 176	Train loss: 1.048e-03	Val loss: 1.300e-03
Epoch: 177	Train loss: 9.821e-04	Val loss: 1.599e-03
Epoch: 178	Train loss: 9.946e-04	Val loss: 1.377e-03
Epoch: 179	Train loss: 1.001e-03	Val loss: 1.799e-03
Epoch: 180	Train loss: 1.119e-03	Val loss: 1.382e-03
Epoch: 181	Train loss: 9.900e-04	Val loss: 1.246e-03
Epoch: 182	Train loss: 1.027e-03	Val loss: 1.319e-03
Epoch: 183	Train loss: 1.007e-03	Val loss: 1.630e-03
Epoch: 184	Train loss: 1.037e-03	Val loss: 1.103e-03
Epoch: 185	Train loss: 9.548e-04	Val loss: 1.316e-03
Epoch: 186	Train loss: 1.083e-03	Val loss: 1.076e-03
Epoch: 187	Train loss: 8.992e-04	Val loss: 1.109e-03
Epoch: 188	Train loss: 1.047e-03	Val loss: 1.147e-03
Epoch: 189	Train loss: 9.292e-04	Val loss: 2.211e-03
Epoch: 190	Train loss: 9.733e-04	Val loss: 1.793e-03
Epoch: 191	Train loss: 9.427e-04	Val loss: 1.209e-03
Epoch: 192	Train loss: 1.049e-03	Val loss: 1.505e-03
Epoch: 193	Train loss: 9.705e-04	Val loss: 1.774e-03
Epoch: 194	Train loss: 1.005e-03	Val loss: 1.121e-03
Epoch: 195	Train loss: 9.373e-04	Val loss: 1.266e-03
Epoch: 196	Train loss: 9.206e-04	Val loss: 1.123e-03
Epoch: 197	Train loss: 1.012e-03	Val loss: 1.590e-03
Epoch: 198	Train loss: 9.948e-04	Val loss: 1.163e-03
Epoch: 199	Train loss: 8.439e-04	Val loss: 1.387e-03
Epoch: 200	Train loss: 1.008e-03	Val loss: 1.463e-03
Epoch: 201	Train loss: 1.017e-03	Val loss: 1.705e-03
Epoch: 202	Train loss: 8.986e-04	Val loss: 1.770e-03
Epoch: 203	Train loss: 9.116e-04	Val loss: 1.448e-03
Epoch: 204	Train loss: 9.587e-04	Val loss: 1.302e-03
Epoch: 205	Train loss: 9.641e-04	Val loss: 3.087e-03
Epoch: 206	Train loss: 1.025e-03	Val loss: 2.822e-03
Epoch: 207	Train loss: 8.959e-04	Val loss: 1.153e-03
Epoch: 208	Train loss: 9.540e-04	Val loss: 1.118e-03
Epoch: 209	Train loss: 9.735e-04	Val loss: 1.229e-03
Epoch: 210	Train loss: 9.249e-04	Val loss: 1.190e-03
Epoch: 211	Train loss: 1.026e-03	Val loss: 1.435e-03
Epoch: 212	Train loss: 9.212e-04	Val loss: 1.293e-03
Epoch: 213	Train loss: 8.660e-04	Val loss: 1.769e-03
Epoch: 214	Train loss: 9.238e-04	Val loss: 1.834e-03
Epoch: 215	Train loss: 9.972e-04	Val loss: 1.155e-03
Epoch: 216	Train loss: 9.616e-04	Val loss: 1.365e-03
Epoch: 217	Train loss: 8.589e-04	Val loss: 1.127e-03
Epoch: 218	Train loss: 9.545e-04	Val loss: 2.416e-03
Epoch: 219	Train loss: 9.704e-04	Val loss: 9.108e-04
Epoch: 220	Train loss: 9.120e-04	Val loss: 1.331e-03
Epoch: 221	Train loss: 9.563e-04	Val loss: 1.145e-03
Epoch: 222	Train loss: 9.081e-04	Val loss: 1.246e-03
Epoch: 223	Train loss: 8.721e-04	Val loss: 9.871e-04
Epoch: 224	Train loss: 1.021e-03	Val loss: 1.111e-03
Epoch: 225	Train loss: 9.755e-04	Val loss: 3.539e-03
Epoch: 226	Train loss: 9.011e-04	Val loss: 2.037e-03
Epoch: 227	Train loss: 1.002e-03	Val loss: 1.191e-03
Epoch: 228	Train loss: 8.696e-04	Val loss: 3.732e-03
Epoch: 229	Train loss: 8.874e-04	Val loss: 3.182e-03
Epoch: 230	Train loss: 8.676e-04	Val loss: 1.341e-03
Epoch: 231	Train loss: 9.262e-04	Val loss: 1.266e-03
Epoch: 232	Train loss: 9.317e-04	Val loss: 1.006e-03
Epoch: 233	Train loss: 7.934e-04	Val loss: 1.063e-03
Epoch: 234	Train loss: 9.324e-04	Val loss: 1.316e-03
Epoch: 235	Train loss: 8.882e-04	Val loss: 1.273e-03
Epoch: 236	Train loss: 1.001e-03	Val loss: 1.802e-03
Epoch: 237	Train loss: 9.331e-04	Val loss: 1.019e-03
Epoch: 238	Train loss: 8.900e-04	Val loss: 2.031e-03
Epoch: 239	Train loss: 9.079e-04	Val loss: 1.164e-03
Epoch: 240	Train loss: 9.303e-04	Val loss: 9.842e-04
Epoch: 241	Train loss: 7.759e-04	Val loss: 1.495e-03
Epoch: 242	Train loss: 9.841e-04	Val loss: 1.095e-03
Epoch: 243	Train loss: 8.129e-04	Val loss: 1.084e-03
Epoch: 244	Train loss: 9.334e-04	Val loss: 1.106e-03
Epoch: 245	Train loss: 8.076e-04	Val loss: 1.108e-03
Epoch: 246	Train loss: 8.797e-04	Val loss: 1.389e-03
Epoch: 247	Train loss: 9.389e-04	Val loss: 1.035e-03
Epoch: 248	Train loss: 8.650e-04	Val loss: 1.185e-03
Epoch: 249	Train loss: 8.385e-04	Val loss: 9.861e-04
Epoch: 250	Train loss: 9.149e-04	Val loss: 1.733e-03
Epoch: 251	Train loss: 8.455e-04	Val loss: 1.270e-03
Epoch: 252	Train loss: 8.967e-04	Val loss: 1.226e-03
Epoch: 253	Train loss: 9.422e-04	Val loss: 1.914e-03
Epoch: 254	Train loss: 8.634e-04	Val loss: 1.837e-03
Epoch: 255	Train loss: 8.500e-04	Val loss: 1.413e-03
Epoch: 256	Train loss: 9.982e-04	Val loss: 1.502e-03
Epoch: 257	Train loss: 8.980e-04	Val loss: 1.008e-03
Epoch: 258	Train loss: 7.971e-04	Val loss: 1.354e-03
Epoch: 259	Train loss: 8.731e-04	Val loss: 1.830e-03
Epoch: 260	Train loss: 8.926e-04	Val loss: 1.303e-03
Epoch: 261	Train loss: 8.364e-04	Val loss: 1.343e-03
Epoch: 262	Train loss: 8.259e-04	Val loss: 9.427e-04
Epoch: 263	Train loss: 8.044e-04	Val loss: 1.092e-03
Epoch: 264	Train loss: 9.013e-04	Val loss: 1.419e-03
Epoch: 265	Train loss: 8.229e-04	Val loss: 1.066e-03
Epoch: 266	Train loss: 8.664e-04	Val loss: 1.920e-03
Epoch: 267	Train loss: 8.833e-04	Val loss: 1.129e-03
Epoch: 268	Train loss: 8.788e-04	Val loss: 9.606e-04
Epoch: 269	Train loss: 7.874e-04	Val loss: 1.238e-03
Epoch: 270	Train loss: 7.844e-04	Val loss: 1.188e-03
Epoch: 271	Train loss: 8.354e-04	Val loss: 1.444e-03
Epoch: 272	Train loss: 8.512e-04	Val loss: 1.285e-03
Epoch: 273	Train loss: 8.973e-04	Val loss: 3.483e-03
Epoch: 274	Train loss: 9.301e-04	Val loss: 1.324e-03
Epoch: 275	Train loss: 7.949e-04	Val loss: 3.273e-03
Epoch: 276	Train loss: 8.660e-04	Val loss: 1.240e-03
Epoch: 277	Train loss: 7.840e-04	Val loss: 1.196e-03
Epoch: 278	Train loss: 8.148e-04	Val loss: 1.223e-03
Epoch: 279	Train loss: 8.760e-04	Val loss: 1.694e-03
Epoch: 280	Train loss: 8.224e-04	Val loss: 1.927e-03
Epoch: 281	Train loss: 8.566e-04	Val loss: 1.339e-03
Epoch: 282	Train loss: 9.118e-04	Val loss: 9.223e-04
Epoch: 283	Train loss: 8.577e-04	Val loss: 1.138e-03
Epoch: 284	Train loss: 8.453e-04	Val loss: 1.100e-03
Epoch: 285	Train loss: 8.176e-04	Val loss: 1.177e-03
Epoch: 286	Train loss: 8.762e-04	Val loss: 9.968e-04
Epoch: 287	Train loss: 8.761e-04	Val loss: 9.899e-04
Epoch: 288	Train loss: 7.823e-04	Val loss: 2.603e-03
Epoch: 289	Train loss: 7.933e-04	Val loss: 1.115e-03
Epoch: 290	Train loss: 8.475e-04	Val loss: 1.729e-03
Epoch: 291	Train loss: 8.630e-04	Val loss: 1.099e-03
Epoch: 292	Train loss: 7.657e-04	Val loss: 1.102e-03
Epoch: 293	Train loss: 7.897e-04	Val loss: 1.630e-03
Epoch: 294	Train loss: 8.873e-04	Val loss: 9.763e-04
Epoch: 295	Train loss: 7.778e-04	Val loss: 1.248e-03
Epoch: 296	Train loss: 9.254e-04	Val loss: 1.032e-03
Epoch: 297	Train loss: 7.324e-04	Val loss: 1.391e-03
Epoch: 298	Train loss: 8.313e-04	Val loss: 1.023e-03
Epoch: 299	Train loss: 8.369e-04	Val loss: 9.118e-04
Epoch: 300	Train loss: 8.720e-04	Val loss: 2.023e-03
Epoch: 301	Train loss: 7.312e-04	Val loss: 9.911e-04
Epoch: 302	Train loss: 8.212e-04	Val loss: 1.488e-03
Epoch: 303	Train loss: 8.350e-04	Val loss: 9.311e-04
Epoch: 304	Train loss: 7.750e-04	Val loss: 1.651e-03
Epoch: 305	Train loss: 7.466e-04	Val loss: 1.065e-03
Epoch: 306	Train loss: 8.893e-04	Val loss: 1.051e-03
Epoch: 307	Train loss: 7.208e-04	Val loss: 9.679e-04
Epoch: 308	Train loss: 8.264e-04	Val loss: 9.365e-04
Epoch: 309	Train loss: 8.022e-04	Val loss: 1.090e-03
Epoch: 310	Train loss: 8.533e-04	Val loss: 1.359e-03
Epoch: 311	Train loss: 7.389e-04	Val loss: 1.350e-03
Epoch: 312	Train loss: 8.594e-04	Val loss: 2.317e-03
Epoch: 313	Train loss: 8.470e-04	Val loss: 1.384e-03
Epoch: 314	Train loss: 7.712e-04	Val loss: 1.590e-03
Epoch: 315	Train loss: 8.576e-04	Val loss: 2.136e-03
Epoch: 316	Train loss: 7.990e-04	Val loss: 1.904e-03
Epoch: 317	Train loss: 7.807e-04	Val loss: 2.976e-03
Epoch: 318	Train loss: 8.530e-04	Val loss: 1.438e-03
Epoch: 319	Train loss: 6.883e-04	Val loss: 1.391e-03
Epoch: 320	Train loss: 8.937e-04	Val loss: 1.568e-03
Epoch: 321	Train loss: 7.820e-04	Val loss: 9.892e-04
Epoch: 322	Train loss: 8.806e-04	Val loss: 1.314e-03
Epoch: 323	Train loss: 8.127e-04	Val loss: 1.258e-03
Epoch: 324	Train loss: 7.898e-04	Val loss: 1.186e-03
Epoch: 325	Train loss: 7.894e-04	Val loss: 1.663e-03
Epoch: 326	Train loss: 6.885e-04	Val loss: 1.169e-03
Epoch: 327	Train loss: 8.661e-04	Val loss: 1.683e-03
Epoch: 328	Train loss: 8.564e-04	Val loss: 9.048e-04
Epoch: 329	Train loss: 8.142e-04	Val loss: 1.329e-03
Epoch: 330	Train loss: 7.834e-04	Val loss: 1.029e-03
Epoch: 331	Train loss: 7.655e-04	Val loss: 1.062e-03
Epoch: 332	Train loss: 7.827e-04	Val loss: 1.114e-03
Epoch: 333	Train loss: 7.512e-04	Val loss: 1.492e-03
Epoch: 334	Train loss: 7.267e-04	Val loss: 1.343e-03
Epoch: 335	Train loss: 8.187e-04	Val loss: 1.531e-03
Epoch: 336	Train loss: 8.154e-04	Val loss: 1.627e-03
Epoch: 337	Train loss: 7.556e-04	Val loss: 1.035e-03
Epoch: 338	Train loss: 7.579e-04	Val loss: 1.385e-03
Epoch: 339	Train loss: 8.286e-04	Val loss: 1.334e-03
Epoch: 340	Train loss: 7.519e-04	Val loss: 1.980e-03
Epoch: 341	Train loss: 8.166e-04	Val loss: 1.581e-03
Epoch: 342	Train loss: 7.820e-04	Val loss: 1.285e-03
Epoch: 343	Train loss: 7.457e-04	Val loss: 1.199e-03
Epoch: 344	Train loss: 8.091e-04	Val loss: 1.250e-03
Epoch: 345	Train loss: 8.351e-04	Val loss: 1.199e-03
Epoch: 346	Train loss: 7.161e-04	Val loss: 2.203e-03
Epoch: 347	Train loss: 8.496e-04	Val loss: 1.462e-03
Epoch: 348	Train loss: 7.709e-04	Val loss: 9.833e-04
Epoch: 349	Train loss: 8.920e-04	Val loss: 9.396e-04
Epoch: 350	Train loss: 6.722e-04	Val loss: 1.404e-03
Epoch: 351	Train loss: 7.979e-04	Val loss: 9.743e-04
Epoch: 352	Train loss: 7.388e-04	Val loss: 1.065e-03
Epoch: 353	Train loss: 8.939e-04	Val loss: 9.995e-04
Epoch: 354	Train loss: 7.573e-04	Val loss: 2.063e-03
Epoch: 355	Train loss: 7.966e-04	Val loss: 1.160e-03
Epoch: 356	Train loss: 7.830e-04	Val loss: 9.490e-04
Epoch: 357	Train loss: 8.598e-04	Val loss: 1.419e-03
Epoch: 358	Train loss: 6.797e-04	Val loss: 9.639e-04
Epoch: 359	Train loss: 7.878e-04	Val loss: 1.067e-03
Epoch: 360	Train loss: 8.296e-04	Val loss: 1.952e-03
Epoch: 361	Train loss: 7.272e-04	Val loss: 1.242e-03
Epoch: 362	Train loss: 7.285e-04	Val loss: 1.322e-03
Epoch: 363	Train loss: 8.768e-04	Val loss: 1.935e-03
Epoch: 364	Train loss: 7.818e-04	Val loss: 1.231e-03
Epoch: 365	Train loss: 7.553e-04	Val loss: 1.016e-03
Epoch: 366	Train loss: 8.065e-04	Val loss: 1.062e-03
Epoch: 367	Train loss: 7.782e-04	Val loss: 9.486e-04
Epoch: 368	Train loss: 8.189e-04	Val loss: 1.112e-03
Epoch: 369	Train loss: 7.297e-04	Val loss: 8.888e-04
Epoch: 370	Train loss: 7.356e-04	Val loss: 1.147e-03
Epoch: 371	Train loss: 7.740e-04	Val loss: 1.023e-03
Epoch: 372	Train loss: 8.219e-04	Val loss: 1.039e-03
Epoch: 373	Train loss: 7.563e-04	Val loss: 1.080e-03
Epoch: 374	Train loss: 7.418e-04	Val loss: 2.197e-03
Epoch: 375	Train loss: 7.829e-04	Val loss: 1.268e-03
Epoch: 376	Train loss: 7.754e-04	Val loss: 1.401e-03
Epoch: 377	Train loss: 7.762e-04	Val loss: 9.998e-04
Epoch: 378	Train loss: 7.770e-04	Val loss: 1.075e-03
Epoch: 379	Train loss: 7.611e-04	Val loss: 9.226e-04
Epoch: 380	Train loss: 7.707e-04	Val loss: 9.836e-04
Epoch: 381	Train loss: 7.555e-04	Val loss: 1.035e-03
Epoch: 382	Train loss: 7.258e-04	Val loss: 9.154e-04
Epoch: 383	Train loss: 8.110e-04	Val loss: 1.368e-03
Epoch: 384	Train loss: 7.365e-04	Val loss: 1.031e-03
Epoch: 385	Train loss: 7.303e-04	Val loss: 1.576e-03
Epoch: 386	Train loss: 7.503e-04	Val loss: 1.710e-03
Epoch: 387	Train loss: 8.228e-04	Val loss: 1.074e-03
Epoch: 388	Train loss: 7.681e-04	Val loss: 1.672e-03
Epoch: 389	Train loss: 7.695e-04	Val loss: 3.207e-03
Epoch: 390	Train loss: 8.390e-04	Val loss: 1.735e-03
Epoch: 391	Train loss: 7.918e-04	Val loss: 1.236e-03
Epoch: 392	Train loss: 7.322e-04	Val loss: 1.567e-03
Epoch: 393	Train loss: 7.578e-04	Val loss: 2.326e-03
Epoch: 394	Train loss: 7.695e-04	Val loss: 2.013e-03
Epoch: 395	Train loss: 6.515e-04	Val loss: 2.057e-03
Epoch: 396	Train loss: 8.291e-04	Val loss: 1.252e-03
Epoch: 397	Train loss: 6.808e-04	Val loss: 1.737e-03
Epoch: 398	Train loss: 7.999e-04	Val loss: 1.343e-03
Epoch: 399	Train loss: 7.669e-04	Val loss: 8.651e-04
Epoch: 400	Train loss: 7.532e-04	Val loss: 1.213e-03
Epoch: 401	Train loss: 7.819e-04	Val loss: 1.129e-03
Epoch: 402	Train loss: 6.741e-04	Val loss: 1.039e-03
Epoch: 403	Train loss: 7.613e-04	Val loss: 1.390e-03
Epoch: 404	Train loss: 7.416e-04	Val loss: 1.149e-03
Epoch: 405	Train loss: 7.720e-04	Val loss: 1.115e-03
Epoch: 406	Train loss: 7.682e-04	Val loss: 1.372e-03
Epoch: 407	Train loss: 7.606e-04	Val loss: 1.091e-03
Epoch: 408	Train loss: 8.224e-04	Val loss: 1.640e-03
Epoch: 409	Train loss: 6.554e-04	Val loss: 1.301e-03
Epoch: 410	Train loss: 8.152e-04	Val loss: 1.034e-03
Epoch: 411	Train loss: 7.506e-04	Val loss: 9.040e-04
Epoch: 412	Train loss: 7.488e-04	Val loss: 1.225e-03
Epoch: 413	Train loss: 7.532e-04	Val loss: 9.474e-04
Epoch: 414	Train loss: 7.332e-04	Val loss: 1.480e-03
Epoch: 415	Train loss: 7.465e-04	Val loss: 1.412e-03
Epoch: 416	Train loss: 7.762e-04	Val loss: 1.180e-03
Epoch: 417	Train loss: 7.462e-04	Val loss: 9.786e-04
Epoch: 418	Train loss: 7.164e-04	Val loss: 3.996e-03
Epoch: 419	Train loss: 7.221e-04	Val loss: 1.583e-03
Epoch: 420	Train loss: 7.384e-04	Val loss: 1.037e-03
Epoch: 421	Train loss: 8.244e-04	Val loss: 1.885e-03
Epoch: 422	Train loss: 6.463e-04	Val loss: 9.606e-04
Epoch: 423	Train loss: 7.636e-04	Val loss: 1.012e-03
Epoch: 424	Train loss: 7.845e-04	Val loss: 1.340e-03
Epoch: 425	Train loss: 6.869e-04	Val loss: 1.066e-03
Epoch: 426	Train loss: 8.181e-04	Val loss: 1.286e-03
Epoch: 427	Train loss: 7.212e-04	Val loss: 1.487e-03
Epoch: 428	Train loss: 6.924e-04	Val loss: 1.141e-03
Epoch: 429	Train loss: 7.313e-04	Val loss: 8.866e-04
Epoch: 430	Train loss: 7.644e-04	Val loss: 1.261e-03
Epoch: 431	Train loss: 7.279e-04	Val loss: 1.463e-03
Epoch: 432	Train loss: 6.860e-04	Val loss: 1.585e-03
Epoch: 433	Train loss: 7.533e-04	Val loss: 1.047e-03
Epoch: 434	Train loss: 7.529e-04	Val loss: 8.923e-04
Epoch: 435	Train loss: 6.502e-04	Val loss: 1.277e-03
Epoch: 436	Train loss: 7.248e-04	Val loss: 9.496e-04
Epoch: 437	Train loss: 7.169e-04	Val loss: 9.557e-04
Epoch: 438	Train loss: 8.169e-04	Val loss: 1.189e-03
Epoch: 439	Train loss: 7.167e-04	Val loss: 1.179e-03
Epoch: 440	Train loss: 8.379e-04	Val loss: 1.060e-03
Epoch: 441	Train loss: 6.664e-04	Val loss: 1.165e-03
Epoch: 442	Train loss: 7.038e-04	Val loss: 1.242e-03
Epoch: 443	Train loss: 7.503e-04	Val loss: 9.318e-04
Epoch: 444	Train loss: 7.142e-04	Val loss: 1.205e-03
Epoch: 445	Train loss: 8.028e-04	Val loss: 1.219e-03
Epoch: 446	Train loss: 6.379e-04	Val loss: 1.420e-03
Epoch: 447	Train loss: 7.836e-04	Val loss: 1.411e-03
Epoch: 448	Train loss: 6.840e-04	Val loss: 1.509e-03
Epoch: 449	Train loss: 9.875e-04	Val loss: 2.071e-03
Epoch: 450	Train loss: 6.530e-04	Val loss: 1.153e-03
Epoch: 451	Train loss: 6.454e-04	Val loss: 1.009e-03
Epoch: 452	Train loss: 7.965e-04	Val loss: 1.177e-03
Epoch: 453	Train loss: 6.619e-04	Val loss: 2.005e-03
Epoch: 454	Train loss: 6.910e-04	Val loss: 1.078e-03
Epoch: 455	Train loss: 7.549e-04	Val loss: 1.124e-03
Epoch: 456	Train loss: 6.964e-04	Val loss: 1.080e-03
Epoch: 457	Train loss: 8.261e-04	Val loss: 1.977e-03
Epoch: 458	Train loss: 6.738e-04	Val loss: 9.248e-04
Epoch: 459	Train loss: 7.634e-04	Val loss: 9.617e-04
Epoch: 460	Train loss: 6.820e-04	Val loss: 9.537e-04
Epoch: 461	Train loss: 6.848e-04	Val loss: 9.970e-04
Epoch: 462	Train loss: 6.971e-04	Val loss: 1.371e-03
Epoch: 463	Train loss: 8.017e-04	Val loss: 1.056e-03
Epoch: 464	Train loss: 6.719e-04	Val loss: 1.091e-03
Epoch: 465	Train loss: 7.585e-04	Val loss: 1.767e-03
Epoch: 466	Train loss: 6.229e-04	Val loss: 9.545e-04
Epoch: 467	Train loss: 7.631e-04	Val loss: 1.129e-03
Epoch: 468	Train loss: 6.826e-04	Val loss: 2.032e-03
Epoch: 469	Train loss: 6.918e-04	Val loss: 1.048e-03
Epoch: 470	Train loss: 6.972e-04	Val loss: 9.458e-04
Epoch: 471	Train loss: 7.841e-04	Val loss: 1.029e-03
Epoch: 472	Train loss: 6.849e-04	Val loss: 1.065e-03
Epoch: 473	Train loss: 7.359e-04	Val loss: 1.242e-03
Epoch: 474	Train loss: 7.540e-04	Val loss: 1.190e-03
Epoch: 475	Train loss: 6.781e-04	Val loss: 1.133e-03
Epoch: 476	Train loss: 6.832e-04	Val loss: 1.032e-03
Epoch: 477	Train loss: 7.195e-04	Val loss: 1.141e-03
Epoch: 478	Train loss: 6.974e-04	Val loss: 1.121e-03
Epoch: 479	Train loss: 7.243e-04	Val loss: 1.255e-03
Epoch: 480	Train loss: 7.967e-04	Val loss: 1.351e-03
Epoch: 481	Train loss: 7.360e-04	Val loss: 1.000e-03
Epoch: 482	Train loss: 6.926e-04	Val loss: 1.368e-03
Epoch: 483	Train loss: 7.764e-04	Val loss: 1.242e-03
Epoch: 484	Train loss: 6.165e-04	Val loss: 9.812e-04
Epoch: 485	Train loss: 7.221e-04	Val loss: 2.271e-03
Epoch: 486	Train loss: 7.585e-04	Val loss: 9.277e-04
Epoch: 487	Train loss: 7.413e-04	Val loss: 8.988e-04
Epoch: 488	Train loss: 6.549e-04	Val loss: 9.959e-04
Epoch: 489	Train loss: 7.716e-04	Val loss: 9.573e-04
Epoch: 490	Train loss: 6.517e-04	Val loss: 1.008e-03
Epoch: 491	Train loss: 7.895e-04	Val loss: 1.351e-03
Epoch: 492	Train loss: 6.501e-04	Val loss: 1.384e-03
Epoch: 493	Train loss: 7.368e-04	Val loss: 9.494e-04
Epoch: 494	Train loss: 6.644e-04	Val loss: 9.738e-04
Epoch: 495	Train loss: 6.356e-04	Val loss: 1.027e-03
Epoch: 496	Train loss: 7.710e-04	Val loss: 9.800e-04
Epoch: 497	Train loss: 6.732e-04	Val loss: 9.584e-04
Epoch: 498	Train loss: 7.502e-04	Val loss: 9.995e-04
Epoch: 499	Train loss: 6.795e-04	Val loss: 1.113e-03
Epoch: 500	Train loss: 7.237e-04	Val loss: 9.519e-04
Epoch: 501	Train loss: 7.171e-04	Val loss: 9.597e-04
Epoch: 502	Train loss: 7.253e-04	Val loss: 1.001e-03
Epoch: 503	Train loss: 6.865e-04	Val loss: 1.158e-03
Epoch: 504	Train loss: 7.091e-04	Val loss: 1.547e-03
Epoch: 505	Train loss: 8.518e-04	Val loss: 1.188e-03
Epoch: 506	Train loss: 6.250e-04	Val loss: 1.109e-03
Epoch: 507	Train loss: 7.439e-04	Val loss: 1.240e-03
Epoch: 508	Train loss: 6.799e-04	Val loss: 1.310e-03
Epoch: 509	Train loss: 7.280e-04	Val loss: 1.620e-03
Epoch: 510	Train loss: 6.883e-04	Val loss: 1.019e-03
Epoch: 511	Train loss: 6.378e-04	Val loss: 1.449e-03
Epoch: 512	Train loss: 7.265e-04	Val loss: 1.309e-03
Epoch: 513	Train loss: 7.530e-04	Val loss: 1.351e-03
Epoch: 514	Train loss: 7.075e-04	Val loss: 1.401e-03
Epoch: 515	Train loss: 7.214e-04	Val loss: 1.201e-03
Epoch: 516	Train loss: 7.330e-04	Val loss: 7.927e-04
Epoch: 517	Train loss: 5.869e-04	Val loss: 8.992e-04
Epoch: 518	Train loss: 6.670e-04	Val loss: 9.478e-04
Epoch: 519	Train loss: 6.979e-04	Val loss: 1.135e-03
Epoch: 520	Train loss: 7.241e-04	Val loss: 1.217e-03
Epoch: 521	Train loss: 7.006e-04	Val loss: 9.233e-04
Epoch: 522	Train loss: 7.590e-04	Val loss: 1.015e-03
Epoch: 523	Train loss: 6.142e-04	Val loss: 9.769e-04
Epoch: 524	Train loss: 6.902e-04	Val loss: 1.069e-03
Epoch: 525	Train loss: 7.192e-04	Val loss: 8.503e-04
Epoch: 526	Train loss: 6.880e-04	Val loss: 1.859e-03
Epoch: 527	Train loss: 7.409e-04	Val loss: 1.299e-03
Epoch: 528	Train loss: 7.088e-04	Val loss: 1.151e-03
Epoch: 529	Train loss: 6.996e-04	Val loss: 1.149e-03
Epoch: 530	Train loss: 7.185e-04	Val loss: 1.464e-03
Epoch: 531	Train loss: 7.067e-04	Val loss: 1.067e-03
Epoch: 532	Train loss: 7.169e-04	Val loss: 1.055e-03
Epoch: 533	Train loss: 6.128e-04	Val loss: 8.882e-04
Epoch: 534	Train loss: 6.995e-04	Val loss: 1.017e-03
Epoch: 535	Train loss: 7.029e-04	Val loss: 1.376e-03
Epoch: 536	Train loss: 8.790e-04	Val loss: 1.254e-03
Epoch: 537	Train loss: 6.136e-04	Val loss: 2.567e-03
Epoch: 538	Train loss: 6.432e-04	Val loss: 8.140e-04
Epoch: 539	Train loss: 7.155e-04	Val loss: 1.017e-03
Epoch: 540	Train loss: 6.483e-04	Val loss: 9.973e-04
Epoch: 541	Train loss: 7.318e-04	Val loss: 9.121e-04
Epoch: 542	Train loss: 6.756e-04	Val loss: 1.610e-03
Epoch: 543	Train loss: 7.375e-04	Val loss: 1.326e-03
Epoch: 544	Train loss: 6.919e-04	Val loss: 1.069e-03
Epoch: 545	Train loss: 6.688e-04	Val loss: 1.128e-03
Epoch: 546	Train loss: 7.087e-04	Val loss: 9.002e-04
Epoch: 547	Train loss: 7.466e-04	Val loss: 8.186e-04
Epoch: 548	Train loss: 7.001e-04	Val loss: 1.101e-03
Epoch: 549	Train loss: 7.205e-04	Val loss: 1.731e-03
Epoch: 550	Train loss: 6.860e-04	Val loss: 1.992e-03
Epoch: 551	Train loss: 6.856e-04	Val loss: 9.310e-04
Epoch: 552	Train loss: 6.807e-04	Val loss: 1.013e-03
Epoch: 553	Train loss: 6.742e-04	Val loss: 1.050e-03
Epoch: 554	Train loss: 6.898e-04	Val loss: 1.141e-03
Epoch: 555	Train loss: 6.726e-04	Val loss: 1.068e-03
Epoch: 556	Train loss: 7.073e-04	Val loss: 2.280e-03
Epoch: 557	Train loss: 7.139e-04	Val loss: 1.045e-03
Epoch: 558	Train loss: 7.056e-04	Val loss: 1.412e-03
Epoch: 559	Train loss: 6.120e-04	Val loss: 1.041e-03
Epoch: 560	Train loss: 7.390e-04	Val loss: 9.610e-04
Epoch: 561	Train loss: 7.121e-04	Val loss: 1.145e-03
Epoch: 562	Train loss: 7.075e-04	Val loss: 1.044e-03
Epoch: 563	Train loss: 6.811e-04	Val loss: 1.424e-03
Epoch: 564	Train loss: 5.715e-04	Val loss: 1.431e-03
Epoch: 565	Train loss: 7.823e-04	Val loss: 9.231e-04
Epoch: 566	Train loss: 6.080e-04	Val loss: 1.054e-03
Epoch: 567	Train loss: 6.360e-04	Val loss: 3.578e-03
Epoch: 568	Train loss: 7.464e-04	Val loss: 1.256e-03
Epoch: 569	Train loss: 6.923e-04	Val loss: 2.698e-03
Epoch: 570	Train loss: 6.105e-04	Val loss: 1.386e-03
Epoch: 571	Train loss: 7.053e-04	Val loss: 1.080e-03
Epoch: 572	Train loss: 6.621e-04	Val loss: 1.115e-03
Epoch: 573	Train loss: 7.123e-04	Val loss: 8.485e-04
Epoch: 574	Train loss: 6.636e-04	Val loss: 1.320e-03
Epoch: 575	Train loss: 6.923e-04	Val loss: 5.048e-03
Epoch: 576	Train loss: 6.261e-04	Val loss: 9.980e-04
Epoch: 577	Train loss: 7.581e-04	Val loss: 1.482e-03
Epoch: 578	Train loss: 6.384e-04	Val loss: 1.090e-03
Epoch: 579	Train loss: 7.302e-04	Val loss: 1.354e-03
Epoch: 580	Train loss: 5.975e-04	Val loss: 1.302e-03
Epoch: 581	Train loss: 7.002e-04	Val loss: 1.744e-03
Epoch: 582	Train loss: 7.392e-04	Val loss: 1.138e-03
Epoch: 583	Train loss: 6.247e-04	Val loss: 1.586e-03
Epoch: 584	Train loss: 6.305e-04	Val loss: 1.222e-03
Epoch: 585	Train loss: 6.328e-04	Val loss: 1.360e-03
Epoch: 586	Train loss: 7.450e-04	Val loss: 9.120e-04
Epoch: 587	Train loss: 6.649e-04	Val loss: 1.601e-03
Epoch: 588	Train loss: 6.828e-04	Val loss: 1.286e-03
Epoch: 589	Train loss: 6.766e-04	Val loss: 1.500e-03
Epoch: 590	Train loss: 6.726e-04	Val loss: 9.209e-04
Epoch: 591	Train loss: 6.137e-04	Val loss: 1.041e-03
Epoch: 592	Train loss: 6.452e-04	Val loss: 9.694e-04
Epoch: 593	Train loss: 6.055e-04	Val loss: 1.439e-03
Epoch: 594	Train loss: 8.290e-04	Val loss: 9.057e-04
Epoch: 595	Train loss: 6.109e-04	Val loss: 9.708e-04
Epoch: 596	Train loss: 7.864e-04	Val loss: 1.074e-03
Epoch: 597	Train loss: 6.204e-04	Val loss: 9.742e-04
Epoch: 598	Train loss: 6.947e-04	Val loss: 9.023e-04
Epoch: 599	Train loss: 6.629e-04	Val loss: 9.009e-04
Epoch: 600	Train loss: 6.594e-04	Val loss: 1.653e-03
Epoch: 601	Train loss: 6.222e-04	Val loss: 9.394e-04
Epoch: 602	Train loss: 6.940e-04	Val loss: 1.033e-03
Epoch: 603	Train loss: 6.780e-04	Val loss: 9.825e-04
Epoch: 604	Train loss: 6.808e-04	Val loss: 1.039e-03
Epoch: 605	Train loss: 6.831e-04	Val loss: 1.333e-03
Epoch: 606	Train loss: 7.061e-04	Val loss: 1.164e-03
Epoch: 607	Train loss: 6.036e-04	Val loss: 9.654e-04
Epoch: 608	Train loss: 6.467e-04	Val loss: 9.124e-04
Epoch: 609	Train loss: 7.559e-04	Val loss: 1.048e-03
Epoch: 610	Train loss: 6.551e-04	Val loss: 1.276e-03
Epoch: 611	Train loss: 6.288e-04	Val loss: 1.389e-03
Epoch: 612	Train loss: 6.947e-04	Val loss: 1.320e-03
Epoch: 613	Train loss: 6.453e-04	Val loss: 1.161e-03
Epoch: 614	Train loss: 7.049e-04	Val loss: 9.391e-04
Epoch: 615	Train loss: 6.371e-04	Val loss: 1.278e-03
Epoch: 616	Train loss: 6.440e-04	Val loss: 1.130e-03
Epoch: 617	Train loss: 6.962e-04	Val loss: 1.041e-03
Epoch: 618	Train loss: 6.679e-04	Val loss: 1.616e-03
Epoch: 619	Train loss: 6.961e-04	Val loss: 1.263e-03
Epoch: 620	Train loss: 6.627e-04	Val loss: 9.230e-04
Epoch: 621	Train loss: 6.971e-04	Val loss: 9.424e-04
Epoch: 622	Train loss: 7.616e-04	Val loss: 3.329e-03
Epoch: 623	Train loss: 6.814e-04	Val loss: 9.320e-04
Epoch: 624	Train loss: 6.738e-04	Val loss: 1.256e-03
Epoch: 625	Train loss: 5.814e-04	Val loss: 1.011e-03
Epoch: 626	Train loss: 6.927e-04	Val loss: 1.075e-03
Epoch: 627	Train loss: 6.819e-04	Val loss: 1.025e-03
Epoch: 628	Train loss: 6.610e-04	Val loss: 1.194e-03
Epoch: 629	Train loss: 6.344e-04	Val loss: 3.058e-03
Epoch: 630	Train loss: 6.972e-04	Val loss: 9.903e-04
Epoch: 631	Train loss: 7.367e-04	Val loss: 9.039e-04
Epoch: 632	Train loss: 6.410e-04	Val loss: 8.650e-04
Epoch: 633	Train loss: 6.445e-04	Val loss: 1.210e-03
Epoch: 634	Train loss: 6.289e-04	Val loss: 1.305e-03
Epoch: 635	Train loss: 6.627e-04	Val loss: 9.268e-04
Epoch: 636	Train loss: 5.850e-04	Val loss: 2.134e-03
Epoch: 637	Train loss: 7.166e-04	Val loss: 9.351e-04
Epoch: 638	Train loss: 6.668e-04	Val loss: 1.020e-03
Epoch: 639	Train loss: 6.340e-04	Val loss: 8.796e-04
Epoch: 640	Train loss: 6.412e-04	Val loss: 1.019e-03
Epoch: 641	Train loss: 6.476e-04	Val loss: 1.045e-03
Epoch: 642	Train loss: 6.531e-04	Val loss: 9.358e-04
Epoch: 643	Train loss: 7.688e-04	Val loss: 1.454e-03
Epoch: 644	Train loss: 5.970e-04	Val loss: 1.031e-03
Epoch: 645	Train loss: 6.373e-04	Val loss: 1.036e-03
Epoch: 646	Train loss: 7.578e-04	Val loss: 8.981e-04
Epoch: 647	Train loss: 5.543e-04	Val loss: 1.140e-03
Epoch: 648	Train loss: 7.985e-04	Val loss: 1.391e-03
Epoch: 649	Train loss: 6.016e-04	Val loss: 1.257e-03
Epoch: 650	Train loss: 6.653e-04	Val loss: 2.288e-03
Epoch: 651	Train loss: 6.325e-04	Val loss: 9.331e-04
Epoch: 652	Train loss: 6.105e-04	Val loss: 1.552e-03
Epoch: 653	Train loss: 6.662e-04	Val loss: 1.154e-03
Epoch: 654	Train loss: 6.437e-04	Val loss: 2.207e-03
Epoch: 655	Train loss: 6.715e-04	Val loss: 9.586e-04
Epoch: 656	Train loss: 6.376e-04	Val loss: 1.117e-03
Epoch: 657	Train loss: 7.939e-04	Val loss: 1.171e-03
Epoch: 658	Train loss: 5.832e-04	Val loss: 1.268e-03
Epoch: 659	Train loss: 6.665e-04	Val loss: 1.220e-03
Epoch: 660	Train loss: 6.370e-04	Val loss: 1.497e-03
Epoch: 661	Train loss: 6.893e-04	Val loss: 9.254e-04
Epoch: 662	Train loss: 6.106e-04	Val loss: 8.769e-04
Epoch: 663	Train loss: 6.542e-04	Val loss: 1.183e-03
Epoch: 664	Train loss: 6.641e-04	Val loss: 1.337e-03
Epoch: 665	Train loss: 6.971e-04	Val loss: 1.665e-03
Epoch: 666	Train loss: 6.259e-04	Val loss: 9.652e-04
Epoch: 667	Train loss: 6.833e-04	Val loss: 1.421e-03
Epoch: 668	Train loss: 6.431e-04	Val loss: 1.493e-03
Epoch: 669	Train loss: 6.866e-04	Val loss: 1.261e-03
Epoch: 670	Train loss: 6.804e-04	Val loss: 9.495e-04
Epoch: 671	Train loss: 6.677e-04	Val loss: 8.436e-04
Epoch: 672	Train loss: 5.886e-04	Val loss: 8.922e-04
Epoch: 673	Train loss: 7.606e-04	Val loss: 8.726e-04
Epoch: 674	Train loss: 6.783e-04	Val loss: 1.904e-03
Epoch: 675	Train loss: 5.907e-04	Val loss: 8.676e-04
Epoch: 676	Train loss: 6.679e-04	Val loss: 9.910e-04
Epoch: 677	Train loss: 6.004e-04	Val loss: 1.326e-03
Epoch: 678	Train loss: 7.388e-04	Val loss: 9.148e-04
Epoch: 679	Train loss: 6.316e-04	Val loss: 1.333e-03
Epoch: 680	Train loss: 6.111e-04	Val loss: 1.206e-03
Epoch: 681	Train loss: 6.774e-04	Val loss: 1.091e-03
Epoch: 682	Train loss: 6.751e-04	Val loss: 1.303e-03
Epoch: 683	Train loss: 6.130e-04	Val loss: 8.877e-04
Epoch: 684	Train loss: 6.264e-04	Val loss: 1.091e-03
Epoch: 685	Train loss: 7.584e-04	Val loss: 9.760e-04
Epoch: 686	Train loss: 6.188e-04	Val loss: 1.381e-03
Epoch: 687	Train loss: 6.035e-04	Val loss: 1.013e-03
Epoch: 688	Train loss: 6.531e-04	Val loss: 9.676e-04
Epoch: 689	Train loss: 6.347e-04	Val loss: 1.298e-03
Epoch: 690	Train loss: 6.463e-04	Val loss: 1.151e-03
Epoch: 691	Train loss: 6.456e-04	Val loss: 8.223e-04
Epoch: 692	Train loss: 6.158e-04	Val loss: 1.390e-03
Epoch: 693	Train loss: 6.153e-04	Val loss: 1.171e-03
Epoch: 694	Train loss: 6.849e-04	Val loss: 9.724e-04
Epoch: 695	Train loss: 6.138e-04	Val loss: 1.120e-03
Epoch: 696	Train loss: 6.902e-04	Val loss: 8.729e-04
Epoch: 697	Train loss: 6.411e-04	Val loss: 9.034e-04
Epoch: 698	Train loss: 6.405e-04	Val loss: 9.821e-04
Epoch: 699	Train loss: 8.545e-04	Val loss: 9.069e-04
Epoch: 700	Train loss: 5.788e-04	Val loss: 8.759e-04
Epoch: 701	Train loss: 5.896e-04	Val loss: 1.007e-03
Epoch: 702	Train loss: 6.864e-04	Val loss: 1.018e-03
Epoch: 703	Train loss: 6.391e-04	Val loss: 9.649e-04
Epoch: 704	Train loss: 6.123e-04	Val loss: 1.023e-03
Epoch: 705	Train loss: 6.201e-04	Val loss: 1.010e-03
Epoch: 706	Train loss: 7.013e-04	Val loss: 1.619e-03
Epoch: 707	Train loss: 5.980e-04	Val loss: 8.450e-04
Epoch: 708	Train loss: 6.783e-04	Val loss: 1.225e-03
Epoch: 709	Train loss: 6.012e-04	Val loss: 1.044e-03
Epoch: 710	Train loss: 6.056e-04	Val loss: 1.057e-03
Epoch: 711	Train loss: 7.218e-04	Val loss: 1.269e-03
Epoch: 712	Train loss: 5.987e-04	Val loss: 1.090e-03
Epoch: 713	Train loss: 6.938e-04	Val loss: 9.211e-04
Epoch: 714	Train loss: 6.752e-04	Val loss: 2.941e-03
Epoch: 715	Train loss: 6.103e-04	Val loss: 1.852e-03
Epoch: 716	Train loss: 6.673e-04	Val loss: 1.012e-03
Epoch: 717	Train loss: 6.471e-04	Val loss: 8.694e-04
Epoch: 718	Train loss: 6.614e-04	Val loss: 9.473e-04
Epoch: 719	Train loss: 6.678e-04	Val loss: 1.084e-03
Epoch: 720	Train loss: 6.733e-04	Val loss: 1.967e-03
Epoch: 721	Train loss: 6.328e-04	Val loss: 1.090e-03
Epoch: 722	Train loss: 5.587e-04	Val loss: 1.057e-03
Epoch: 723	Train loss: 6.800e-04	Val loss: 1.058e-03
Epoch: 724	Train loss: 6.681e-04	Val loss: 3.745e-03
Epoch: 725	Train loss: 6.854e-04	Val loss: 9.139e-04
Epoch: 726	Train loss: 6.825e-04	Val loss: 1.123e-03
Epoch: 727	Train loss: 5.820e-04	Val loss: 9.322e-04
Epoch: 728	Train loss: 6.461e-04	Val loss: 1.050e-03
Epoch: 729	Train loss: 6.666e-04	Val loss: 1.373e-03
Epoch: 730	Train loss: 5.762e-04	Val loss: 1.276e-03
Epoch: 731	Train loss: 6.209e-04	Val loss: 2.066e-03
Epoch: 732	Train loss: 6.849e-04	Val loss: 1.066e-03
Epoch: 733	Train loss: 6.764e-04	Val loss: 1.034e-03
Epoch: 734	Train loss: 6.087e-04	Val loss: 1.116e-03
Epoch: 735	Train loss: 6.927e-04	Val loss: 8.826e-04
Epoch: 736	Train loss: 6.194e-04	Val loss: 1.414e-03
Epoch: 737	Train loss: 6.170e-04	Val loss: 1.159e-03
Epoch: 738	Train loss: 6.117e-04	Val loss: 8.576e-04
Epoch: 739	Train loss: 7.105e-04	Val loss: 1.352e-03
Epoch: 740	Train loss: 6.460e-04	Val loss: 9.431e-04
Epoch: 741	Train loss: 5.897e-04	Val loss: 2.235e-03
Epoch: 742	Train loss: 7.503e-04	Val loss: 9.677e-04
Epoch: 743	Train loss: 5.502e-04	Val loss: 1.837e-03
Epoch: 744	Train loss: 7.929e-04	Val loss: 1.387e-03
Epoch: 745	Train loss: 6.281e-04	Val loss: 1.335e-03
Epoch: 746	Train loss: 5.974e-04	Val loss: 1.135e-03
Epoch: 747	Train loss: 7.154e-04	Val loss: 8.844e-04
Epoch: 748	Train loss: 5.688e-04	Val loss: 1.477e-03
Epoch: 749	Train loss: 6.608e-04	Val loss: 9.645e-04
Epoch: 750	Train loss: 6.590e-04	Val loss: 1.014e-03
Epoch: 751	Train loss: 6.328e-04	Val loss: 1.427e-03
Epoch: 752	Train loss: 6.159e-04	Val loss: 1.027e-03
Epoch: 753	Train loss: 6.526e-04	Val loss: 1.425e-03
Epoch: 754	Train loss: 6.108e-04	Val loss: 2.210e-03
Epoch: 755	Train loss: 6.242e-04	Val loss: 1.668e-03
Epoch: 756	Train loss: 6.255e-04	Val loss: 9.283e-04
Epoch: 757	Train loss: 6.466e-04	Val loss: 1.396e-03
Epoch: 758	Train loss: 6.409e-04	Val loss: 1.618e-03
Epoch: 759	Train loss: 5.990e-04	Val loss: 1.117e-03
Epoch: 760	Train loss: 6.268e-04	Val loss: 8.707e-04
Epoch: 761	Train loss: 6.473e-04	Val loss: 1.085e-03
Epoch: 762	Train loss: 6.788e-04	Val loss: 8.414e-04
Epoch: 763	Train loss: 6.113e-04	Val loss: 1.236e-03
Epoch: 764	Train loss: 6.236e-04	Val loss: 1.100e-03
Epoch: 765	Train loss: 6.801e-04	Val loss: 1.342e-03
Epoch: 766	Train loss: 6.467e-04	Val loss: 9.645e-04
Epoch: 767	Train loss: 6.398e-04	Val loss: 1.043e-03
Epoch: 768	Train loss: 6.394e-04	Val loss: 9.634e-04
Epoch: 769	Train loss: 5.798e-04	Val loss: 1.058e-03
Epoch: 770	Train loss: 6.700e-04	Val loss: 8.795e-04
Epoch: 771	Train loss: 6.906e-04	Val loss: 1.006e-03
Epoch: 772	Train loss: 6.228e-04	Val loss: 9.582e-04
Epoch: 773	Train loss: 6.211e-04	Val loss: 1.058e-03
Epoch: 774	Train loss: 6.192e-04	Val loss: 9.128e-04
Epoch: 775	Train loss: 6.147e-04	Val loss: 1.342e-03
Epoch: 776	Train loss: 7.030e-04	Val loss: 1.125e-03
Epoch: 777	Train loss: 6.594e-04	Val loss: 1.473e-03
Epoch: 778	Train loss: 5.686e-04	Val loss: 1.526e-03
Epoch: 779	Train loss: 7.247e-04	Val loss: 9.374e-04
Epoch: 780	Train loss: 5.368e-04	Val loss: 1.103e-03
Epoch: 781	Train loss: 6.494e-04	Val loss: 9.030e-04
Epoch: 782	Train loss: 5.907e-04	Val loss: 1.046e-03
Epoch: 783	Train loss: 7.200e-04	Val loss: 9.078e-04
Epoch: 784	Train loss: 6.311e-04	Val loss: 8.930e-04
Epoch: 785	Train loss: 5.725e-04	Val loss: 1.426e-03
Epoch: 786	Train loss: 6.191e-04	Val loss: 9.113e-04
Epoch: 787	Train loss: 6.511e-04	Val loss: 9.427e-04
Epoch: 788	Train loss: 6.078e-04	Val loss: 1.012e-03
Epoch: 789	Train loss: 6.498e-04	Val loss: 1.120e-03
Epoch: 790	Train loss: 6.037e-04	Val loss: 9.431e-04
Epoch: 791	Train loss: 6.178e-04	Val loss: 1.539e-03
Epoch: 792	Train loss: 6.418e-04	Val loss: 9.509e-04
Epoch: 793	Train loss: 6.203e-04	Val loss: 9.343e-04
Epoch: 794	Train loss: 6.401e-04	Val loss: 1.016e-03
Epoch: 795	Train loss: 7.158e-04	Val loss: 1.099e-03
Epoch: 796	Train loss: 6.225e-04	Val loss: 9.599e-04
Epoch: 797	Train loss: 6.807e-04	Val loss: 8.559e-04
Epoch: 798	Train loss: 5.782e-04	Val loss: 1.668e-03
Epoch: 799	Train loss: 6.489e-04	Val loss: 1.023e-03
Epoch: 800	Train loss: 6.242e-04	Val loss: 8.771e-04
Epoch: 801	Train loss: 6.142e-04	Val loss: 9.870e-04
Epoch: 802	Train loss: 5.862e-04	Val loss: 1.231e-03
Epoch: 803	Train loss: 6.918e-04	Val loss: 1.199e-03
Epoch: 804	Train loss: 5.648e-04	Val loss: 1.371e-03
Epoch: 805	Train loss: 7.168e-04	Val loss: 1.132e-03
Epoch: 806	Train loss: 5.783e-04	Val loss: 9.235e-04
Epoch: 807	Train loss: 5.691e-04	Val loss: 1.060e-03
Epoch: 808	Train loss: 7.450e-04	Val loss: 1.110e-03
Epoch: 809	Train loss: 7.039e-04	Val loss: 9.519e-04
Epoch: 810	Train loss: 6.187e-04	Val loss: 8.764e-04
Epoch: 811	Train loss: 6.384e-04	Val loss: 1.693e-03
Epoch: 812	Train loss: 6.179e-04	Val loss: 1.538e-03
Epoch: 813	Train loss: 6.184e-04	Val loss: 1.725e-03
Epoch: 814	Train loss: 6.189e-04	Val loss: 1.161e-03
Epoch: 815	Train loss: 6.219e-04	Val loss: 1.513e-03
Epoch: 816	Train loss: 6.545e-04	Val loss: 9.340e-04
Epoch: 817	Train loss: 6.134e-04	Val loss: 9.436e-04
Epoch: 818	Train loss: 6.226e-04	Val loss: 1.332e-03
Epoch: 819	Train loss: 6.711e-04	Val loss: 1.237e-03
Epoch: 820	Train loss: 6.072e-04	Val loss: 1.179e-03
Epoch: 821	Train loss: 6.252e-04	Val loss: 9.439e-04
Epoch: 822	Train loss: 6.563e-04	Val loss: 1.443e-03
Epoch: 823	Train loss: 5.782e-04	Val loss: 1.100e-03
Epoch: 824	Train loss: 5.901e-04	Val loss: 1.251e-03
Epoch: 825	Train loss: 6.379e-04	Val loss: 1.135e-03
Epoch: 826	Train loss: 5.975e-04	Val loss: 1.370e-03
Epoch: 827	Train loss: 6.532e-04	Val loss: 1.008e-03
Epoch: 828	Train loss: 5.789e-04	Val loss: 1.173e-03
Epoch: 829	Train loss: 6.291e-04	Val loss: 1.524e-03
Epoch: 830	Train loss: 6.803e-04	Val loss: 1.047e-03
Epoch: 831	Train loss: 5.797e-04	Val loss: 2.566e-03
Epoch: 832	Train loss: 6.195e-04	Val loss: 1.219e-03
Epoch: 833	Train loss: 6.220e-04	Val loss: 1.089e-03
Epoch: 834	Train loss: 6.412e-04	Val loss: 1.425e-03
Epoch: 835	Train loss: 6.663e-04	Val loss: 1.091e-03
Epoch: 836	Train loss: 6.190e-04	Val loss: 1.011e-03
Epoch: 837	Train loss: 5.567e-04	Val loss: 1.028e-03
Epoch: 838	Train loss: 7.164e-04	Val loss: 1.450e-03
Epoch: 839	Train loss: 5.930e-04	Val loss: 1.240e-03
Epoch: 840	Train loss: 6.797e-04	Val loss: 9.954e-04
Epoch: 841	Train loss: 5.977e-04	Val loss: 1.202e-03
Epoch: 842	Train loss: 5.868e-04	Val loss: 1.600e-03
Epoch: 843	Train loss: 6.720e-04	Val loss: 9.376e-04
Epoch: 844	Train loss: 5.614e-04	Val loss: 9.247e-04
Epoch: 845	Train loss: 7.022e-04	Val loss: 9.487e-04
Epoch: 846	Train loss: 5.833e-04	Val loss: 1.138e-03
Epoch: 847	Train loss: 6.107e-04	Val loss: 1.064e-03
Epoch: 848	Train loss: 7.058e-04	Val loss: 2.070e-03
Epoch: 849	Train loss: 5.321e-04	Val loss: 1.074e-03
Epoch: 850	Train loss: 7.316e-04	Val loss: 1.031e-03
Epoch: 851	Train loss: 5.979e-04	Val loss: 1.124e-03
Epoch: 852	Train loss: 6.086e-04	Val loss: 1.055e-03
Epoch: 853	Train loss: 6.041e-04	Val loss: 1.411e-03
Epoch: 854	Train loss: 5.830e-04	Val loss: 8.951e-04
Epoch: 855	Train loss: 6.106e-04	Val loss: 1.360e-03
Epoch: 856	Train loss: 6.407e-04	Val loss: 1.046e-03
Epoch: 857	Train loss: 6.911e-04	Val loss: 1.383e-03
Epoch: 858	Train loss: 5.434e-04	Val loss: 9.253e-04
Epoch: 859	Train loss: 6.865e-04	Val loss: 1.141e-03
Epoch: 860	Train loss: 6.006e-04	Val loss: 1.242e-03
Epoch: 861	Train loss: 5.934e-04	Val loss: 1.231e-03
Epoch: 862	Train loss: 6.542e-04	Val loss: 1.111e-03
Epoch: 863	Train loss: 6.492e-04	Val loss: 1.128e-03
Epoch: 864	Train loss: 6.623e-04	Val loss: 1.129e-03
Epoch: 865	Train loss: 6.059e-04	Val loss: 9.956e-04
Epoch: 866	Train loss: 7.923e-04	Val loss: 1.870e-03
Epoch: 867	Train loss: 5.100e-04	Val loss: 1.035e-03
Epoch: 868	Train loss: 6.304e-04	Val loss: 9.426e-04
Epoch: 869	Train loss: 6.757e-04	Val loss: 1.065e-03
Epoch: 870	Train loss: 5.981e-04	Val loss: 8.542e-04
Epoch: 871	Train loss: 6.010e-04	Val loss: 1.139e-03
Epoch: 872	Train loss: 6.176e-04	Val loss: 1.070e-03
Epoch: 873	Train loss: 6.466e-04	Val loss: 1.014e-03
Epoch: 874	Train loss: 5.693e-04	Val loss: 9.257e-04
Epoch: 875	Train loss: 6.922e-04	Val loss: 9.329e-04
Epoch: 876	Train loss: 7.141e-04	Val loss: 1.089e-03
Epoch: 877	Train loss: 5.691e-04	Val loss: 1.001e-03
Epoch: 878	Train loss: 6.576e-04	Val loss: 1.098e-03
Epoch: 879	Train loss: 5.813e-04	Val loss: 1.032e-03
Epoch: 880	Train loss: 6.297e-04	Val loss: 1.322e-03
Epoch: 881	Train loss: 6.295e-04	Val loss: 1.376e-03
Epoch: 882	Train loss: 6.322e-04	Val loss: 9.112e-04
Epoch: 883	Train loss: 6.621e-04	Val loss: 3.630e-03
Epoch: 884	Train loss: 6.033e-04	Val loss: 8.951e-04
Epoch: 885	Train loss: 6.490e-04	Val loss: 1.579e-03
Epoch: 886	Train loss: 5.631e-04	Val loss: 1.517e-03
Epoch: 887	Train loss: 6.064e-04	Val loss: 1.234e-03
Epoch: 888	Train loss: 6.366e-04	Val loss: 9.557e-04
Epoch: 889	Train loss: 6.211e-04	Val loss: 9.614e-04
Epoch: 890	Train loss: 6.333e-04	Val loss: 1.179e-03
Epoch: 891	Train loss: 6.919e-04	Val loss: 2.127e-03
Epoch: 892	Train loss: 6.693e-04	Val loss: 1.231e-03
Epoch: 893	Train loss: 6.178e-04	Val loss: 1.588e-03
Epoch: 894	Train loss: 6.549e-04	Val loss: 1.096e-03
Epoch: 895	Train loss: 6.768e-04	Val loss: 1.011e-03
Epoch: 896	Train loss: 5.223e-04	Val loss: 1.215e-03
Epoch: 897	Train loss: 5.986e-04	Val loss: 1.163e-03
Epoch: 898	Train loss: 6.462e-04	Val loss: 1.042e-03
Epoch: 899	Train loss: 6.055e-04	Val loss: 1.210e-03
Epoch: 900	Train loss: 6.516e-04	Val loss: 9.827e-04
Epoch: 901	Train loss: 5.643e-04	Val loss: 1.140e-03
Epoch: 902	Train loss: 5.575e-04	Val loss: 2.051e-03
Epoch: 903	Train loss: 7.079e-04	Val loss: 2.049e-03
Epoch: 904	Train loss: 6.743e-04	Val loss: 8.774e-04
Epoch: 905	Train loss: 6.325e-04	Val loss: 1.171e-03
Epoch: 906	Train loss: 6.520e-04	Val loss: 1.085e-03
Epoch: 907	Train loss: 5.556e-04	Val loss: 8.965e-04
Epoch: 908	Train loss: 6.602e-04	Val loss: 1.146e-03
Epoch: 909	Train loss: 6.183e-04	Val loss: 8.699e-04
Epoch: 910	Train loss: 6.897e-04	Val loss: 1.318e-03
Epoch: 911	Train loss: 5.749e-04	Val loss: 1.232e-03
Epoch: 912	Train loss: 5.937e-04	Val loss: 1.564e-03
Epoch: 913	Train loss: 5.656e-04	Val loss: 1.076e-03
Epoch: 914	Train loss: 6.439e-04	Val loss: 1.007e-03
Epoch: 915	Train loss: 5.747e-04	Val loss: 9.612e-04
Epoch: 916	Train loss: 6.518e-04	Val loss: 9.734e-04
Epoch: 917	Train loss: 6.399e-04	Val loss: 9.398e-04
Epoch: 918	Train loss: 6.179e-04	Val loss: 1.092e-03
Epoch: 919	Train loss: 6.086e-04	Val loss: 1.137e-03
Epoch: 920	Train loss: 5.759e-04	Val loss: 1.087e-03
Epoch: 921	Train loss: 8.471e-04	Val loss: 8.754e-04
Epoch: 922	Train loss: 5.408e-04	Val loss: 3.332e-03
Epoch: 923	Train loss: 5.948e-04	Val loss: 1.699e-03
Epoch: 924	Train loss: 7.085e-04	Val loss: 1.009e-03
Epoch: 925	Train loss: 5.321e-04	Val loss: 1.072e-03
Epoch: 926	Train loss: 6.447e-04	Val loss: 8.912e-04
Epoch: 927	Train loss: 6.198e-04	Val loss: 1.027e-03
Epoch: 928	Train loss: 6.010e-04	Val loss: 1.048e-03
Epoch: 929	Train loss: 6.152e-04	Val loss: 1.081e-03
Epoch: 930	Train loss: 6.682e-04	Val loss: 1.232e-03
Epoch: 931	Train loss: 5.496e-04	Val loss: 8.565e-04
Epoch: 932	Train loss: 5.869e-04	Val loss: 9.060e-04
Epoch: 933	Train loss: 6.435e-04	Val loss: 9.746e-04
Epoch: 934	Train loss: 6.135e-04	Val loss: 1.244e-03
Epoch: 935	Train loss: 6.627e-04	Val loss: 1.170e-03
Epoch: 936	Train loss: 6.204e-04	Val loss: 1.232e-03
Epoch: 937	Train loss: 6.330e-04	Val loss: 1.776e-03
Epoch: 938	Train loss: 6.194e-04	Val loss: 1.101e-03
Epoch: 939	Train loss: 6.602e-04	Val loss: 8.372e-04
Epoch: 940	Train loss: 5.928e-04	Val loss: 1.339e-03
Epoch: 941	Train loss: 5.845e-04	Val loss: 1.077e-03
Epoch: 942	Train loss: 6.122e-04	Val loss: 9.023e-04
Epoch: 943	Train loss: 5.708e-04	Val loss: 1.169e-03
Epoch: 944	Train loss: 6.931e-04	Val loss: 1.894e-03
Epoch: 945	Train loss: 5.662e-04	Val loss: 1.329e-03
Epoch: 946	Train loss: 6.298e-04	Val loss: 1.000e-03
Epoch: 947	Train loss: 5.775e-04	Val loss: 1.158e-03
Epoch: 948	Train loss: 6.383e-04	Val loss: 1.377e-03
Epoch: 949	Train loss: 6.014e-04	Val loss: 1.229e-03
Epoch: 950	Train loss: 6.461e-04	Val loss: 1.012e-03
Epoch: 951	Train loss: 5.878e-04	Val loss: 1.642e-03
Epoch: 952	Train loss: 6.151e-04	Val loss: 1.068e-03
Epoch: 953	Train loss: 6.155e-04	Val loss: 1.047e-03
Epoch: 954	Train loss: 6.148e-04	Val loss: 9.975e-04
Epoch: 955	Train loss: 6.071e-04	Val loss: 1.230e-03
Epoch: 956	Train loss: 6.133e-04	Val loss: 1.229e-03
Epoch: 957	Train loss: 6.083e-04	Val loss: 9.489e-04
Epoch: 958	Train loss: 5.825e-04	Val loss: 1.414e-03
Epoch: 959	Train loss: 6.391e-04	Val loss: 1.014e-03
Epoch: 960	Train loss: 6.555e-04	Val loss: 1.066e-03
Epoch: 961	Train loss: 5.471e-04	Val loss: 2.203e-03
Epoch: 962	Train loss: 7.787e-04	Val loss: 1.120e-03
Epoch: 963	Train loss: 5.894e-04	Val loss: 1.614e-03
Epoch: 964	Train loss: 6.409e-04	Val loss: 1.069e-03
Epoch: 965	Train loss: 5.910e-04	Val loss: 1.573e-03
Epoch: 966	Train loss: 6.052e-04	Val loss: 1.092e-03
Epoch: 967	Train loss: 6.183e-04	Val loss: 9.833e-04
Epoch: 968	Train loss: 5.962e-04	Val loss: 1.880e-03
Epoch: 969	Train loss: 5.830e-04	Val loss: 9.409e-04
Epoch: 970	Train loss: 6.092e-04	Val loss: 1.060e-03
Epoch: 971	Train loss: 6.230e-04	Val loss: 1.199e-03
Epoch: 972	Train loss: 6.547e-04	Val loss: 2.652e-03
Epoch: 973	Train loss: 5.707e-04	Val loss: 9.143e-04
Epoch: 974	Train loss: 5.776e-04	Val loss: 8.551e-04
Epoch: 975	Train loss: 6.552e-04	Val loss: 1.034e-03
Epoch: 976	Train loss: 6.162e-04	Val loss: 1.045e-03
Epoch: 977	Train loss: 5.941e-04	Val loss: 1.088e-03
Epoch: 978	Train loss: 6.403e-04	Val loss: 1.046e-03
Epoch: 979	Train loss: 5.724e-04	Val loss: 1.120e-03
Epoch: 980	Train loss: 6.577e-04	Val loss: 1.153e-03
Epoch: 981	Train loss: 6.136e-04	Val loss: 1.097e-03
Epoch: 982	Train loss: 6.405e-04	Val loss: 9.600e-04
Epoch: 983	Train loss: 5.706e-04	Val loss: 9.741e-04
Epoch: 984	Train loss: 7.312e-04	Val loss: 1.585e-03
Epoch: 985	Train loss: 6.152e-04	Val loss: 1.170e-03
Epoch: 986	Train loss: 5.237e-04	Val loss: 1.139e-03
Epoch: 987	Train loss: 6.260e-04	Val loss: 9.482e-04
Epoch: 988	Train loss: 6.157e-04	Val loss: 1.071e-03
Epoch: 989	Train loss: 6.524e-04	Val loss: 9.426e-04
Epoch: 990	Train loss: 5.853e-04	Val loss: 1.242e-03
Epoch: 991	Train loss: 5.595e-04	Val loss: 1.060e-03
Epoch: 992	Train loss: 6.742e-04	Val loss: 1.089e-03
Epoch: 993	Train loss: 5.423e-04	Val loss: 9.873e-04
Epoch: 994	Train loss: 5.748e-04	Val loss: 9.869e-04
Epoch: 995	Train loss: 6.312e-04	Val loss: 1.000e-03
Epoch: 996	Train loss: 6.188e-04	Val loss: 9.832e-04
Epoch: 997	Train loss: 5.826e-04	Val loss: 1.006e-03
Epoch: 998	Train loss: 8.560e-04	Val loss: 1.020e-03
Epoch: 999	Train loss: 5.596e-04	Val loss: 1.117e-03
Epoch: 1000	Train loss: 5.530e-04	Val loss: 2.024e-03
Test MAE: 32.861

